D:\GoldenShark\Projects\OCR_1902\SharedContent\xaml\App.xaml(13,2): XamlCompiler error WMC0001: Unknown type 'Application' in XML namespace 'http://schemas.Microsoft.com/winfx/2006/xaml/presentation'
D:\GoldenShark\Projects\OCR_1902\SharedContent\xaml\App.xaml(22,10): XamlCompiler error WMC0001: Unknown type 'ResourceDictionary' in XML namespace 'http://schemas.Microsoft.com/winfx/2006/xaml/presentation'
D:\GoldenShark\Projects\OCR_1902\SharedContent\xaml\App.xaml(29,18): XamlCompiler error WMC0001: Unknown type 'ResourceDictionary' in XML namespace 'http://schemas.Microsoft.com/winfx/2006/xaml/presentation'
D:\GoldenShark\Projects\OCR_1902\SharedContent\cpp\MainPage.xaml(13,2): XamlCompiler error WMC0001: Unknown type 'Page' in XML namespace 'http://schemas.Microsoft.com/winfx/2006/xaml/presentation'
D:\GoldenShark\Projects\OCR_1902\SharedContent\cpp\MainPage.xaml(22,6): XamlCompiler error WMC0001: Unknown type 'Grid' in XML namespace 'http://schemas.Microsoft.com/winfx/2006/xaml/presentation'
D:\GoldenShark\Projects\OCR_1902\SharedContent\cpp\MainPage.xaml(22,11): XamlCompiler error WMC0001: Unknown type 'ThemeResource' in XML namespace 'http://schemas.Microsoft.com/winfx/2006/xaml/presentation'
D:\GoldenShark\Projects\OCR_1902\SharedContent\cpp\MainPage.xaml(24,14): XamlCompiler error WMC0001: Unknown type 'RowDefinition' in XML namespace 'http://schemas.Microsoft.com/winfx/2006/xaml/presentation'
D:\GoldenShark\Projects\OCR_1902\SharedContent\cpp\MainPage.xaml(25,14): XamlCompiler error WMC0001: Unknown type 'RowDefinition' in XML namespace 'http://schemas.Microsoft.com/winfx/2006/xaml/presentation'
D:\GoldenShark\Projects\OCR_1902\SharedContent\cpp\MainPage.xaml(27,10): XamlCompiler error WMC0001: Unknown type 'SplitView' in XML namespace 'http://schemas.Microsoft.com/winfx/2006/xaml/presentation'
D:\GoldenShark\Projects\OCR_1902\SharedContent\cpp\MainPage.xaml(69,10): XamlCompiler error WMC0001: Unknown type 'StackPanel' in XML namespace 'http://schemas.Microsoft.com/winfx/2006/xaml/presentation'
D:\GoldenShark\Projects\OCR_1902\SharedContent\cpp\MainPage.xaml(70,14): XamlCompiler error WMC0001: Unknown type 'Border' in XML namespace 'http://schemas.Microsoft.com/winfx/2006/xaml/presentation'
D:\GoldenShark\Projects\OCR_1902\SharedContent\cpp\MainPage.xaml(80,14): XamlCompiler error WMC0001: Unknown type 'Image' in XML namespace 'http://schemas.Microsoft.com/winfx/2006/xaml/presentation'
D:\GoldenShark\Projects\OCR_1902\SharedContent\cpp\MainPage.xaml(81,14): XamlCompiler error WMC0001: Unknown type 'TextBlock' in XML namespace 'http://schemas.Microsoft.com/winfx/2006/xaml/presentation'
D:\GoldenShark\Projects\OCR_1902\SharedContent\cpp\MainPage.xaml(81,81): XamlCompiler error WMC0001: Unknown type 'StaticResource' in XML namespace 'http://schemas.Microsoft.com/winfx/2006/xaml/presentation'
D:\GoldenShark\Projects\OCR_1902\SharedContent\cpp\MainPage.xaml(70,21): XamlCompiler error WMC0001: Unknown type 'ThemeResource' in XML namespace 'http://schemas.Microsoft.com/winfx/2006/xaml/presentation'
D:\GoldenShark\Projects\OCR_1902\SharedContent\cpp\MainPage.xaml(71,18): XamlCompiler error WMC0001: Unknown type 'ToggleButton' in XML namespace 'http://schemas.Microsoft.com/winfx/2006/xaml/presentation'
D:\GoldenShark\Projects\OCR_1902\SharedContent\cpp\MainPage.xaml(71,31): XamlCompiler error WMC0001: Unknown type 'StaticResource' in XML namespace 'http://schemas.Microsoft.com/winfx/2006/xaml/presentation'
D:\GoldenShark\Projects\OCR_1902\SharedContent\cpp\MainPage.xaml(71,114): XamlCompiler error WMC0001: Unknown type 'ThemeResource' in XML namespace 'http://schemas.Microsoft.com/winfx/2006/xaml/presentation'
D:\GoldenShark\Projects\OCR_1902\SharedContent\cpp\MainPage.xaml(73,26): XamlCompiler error WMC0001: Unknown type 'FontIcon' in XML namespace 'http://schemas.Microsoft.com/winfx/2006/xaml/presentation'
D:\GoldenShark\Projects\OCR_1902\SharedContent\cpp\MainPage.xaml(29,18): XamlCompiler error WMC0001: Unknown type 'RelativePanel' in XML namespace 'http://schemas.Microsoft.com/winfx/2006/xaml/presentation'
D:\GoldenShark\Projects\OCR_1902\SharedContent\cpp\MainPage.xaml(30,22): XamlCompiler error WMC0001: Unknown type 'TextBlock' in XML namespace 'http://schemas.Microsoft.com/winfx/2006/xaml/presentation'
D:\GoldenShark\Projects\OCR_1902\SharedContent\cpp\MainPage.xaml(32,22): XamlCompiler error WMC0001: Unknown type 'ListBox' in XML namespace 'http://schemas.Microsoft.com/winfx/2006/xaml/presentation'
D:\GoldenShark\Projects\OCR_1902\SharedContent\cpp\MainPage.xaml(41,22): XamlCompiler error WMC0001: Unknown type 'StackPanel' in XML namespace 'http://schemas.Microsoft.com/winfx/2006/xaml/presentation'
D:\GoldenShark\Projects\OCR_1902\SharedContent\cpp\MainPage.xaml(42,26): XamlCompiler error WMC0001: Unknown type 'Image' in XML namespace 'http://schemas.Microsoft.com/winfx/2006/xaml/presentation'
D:\GoldenShark\Projects\OCR_1902\SharedContent\cpp\MainPage.xaml(43,26): XamlCompiler error WMC0001: Unknown type 'TextBlock' in XML namespace 'http://schemas.Microsoft.com/winfx/2006/xaml/presentation'
D:\GoldenShark\Projects\OCR_1902\SharedContent\cpp\MainPage.xaml(46,26): XamlCompiler error WMC0001: Unknown type 'StackPanel' in XML namespace 'http://schemas.Microsoft.com/winfx/2006/xaml/presentation'
D:\GoldenShark\Projects\OCR_1902\SharedContent\cpp\MainPage.xaml(47,30): XamlCompiler error WMC0001: Unknown type 'HyperlinkButton' in XML namespace 'http://schemas.Microsoft.com/winfx/2006/xaml/presentation'
D:\GoldenShark\Projects\OCR_1902\SharedContent\cpp\MainPage.xaml(49,30): XamlCompiler error WMC0001: Unknown type 'TextBlock' in XML namespace 'http://schemas.Microsoft.com/winfx/2006/xaml/presentation'
D:\GoldenShark\Projects\OCR_1902\SharedContent\cpp\MainPage.xaml(50,30): XamlCompiler error WMC0001: Unknown type 'HyperlinkButton' in XML namespace 'http://schemas.Microsoft.com/winfx/2006/xaml/presentation'
D:\GoldenShark\Projects\OCR_1902\SharedContent\cpp\MainPage.xaml(50,155): XamlCompiler error WMC0001: Unknown type 'StaticResource' in XML namespace 'http://schemas.Microsoft.com/winfx/2006/xaml/presentation'
D:\GoldenShark\Projects\OCR_1902\SharedContent\cpp\MainPage.xaml(49,50): XamlCompiler error WMC0001: Unknown type 'StaticResource' in XML namespace 'http://schemas.Microsoft.com/winfx/2006/xaml/presentation'
D:\GoldenShark\Projects\OCR_1902\SharedContent\cpp\MainPage.xaml(48,60): XamlCompiler error WMC0001: Unknown type 'StaticResource' in XML namespace 'http://schemas.Microsoft.com/winfx/2006/xaml/presentation'
D:\GoldenShark\Projects\OCR_1902\SharedContent\cpp\MainPage.xaml(43,113): XamlCompiler error WMC0001: Unknown type 'StaticResource' in XML namespace 'http://schemas.Microsoft.com/winfx/2006/xaml/presentation'
D:\GoldenShark\Projects\OCR_1902\SharedContent\cpp\MainPage.xaml(36,30): XamlCompiler error WMC0001: Unknown type 'DataTemplate' in XML namespace 'http://schemas.Microsoft.com/winfx/2006/xaml/presentation'
D:\GoldenShark\Projects\OCR_1902\SharedContent\cpp\MainPage.xaml(37,34): XamlCompiler error WMC0001: Unknown type 'TextBlock' in XML namespace 'http://schemas.Microsoft.com/winfx/2006/xaml/presentation'
D:\GoldenShark\Projects\OCR_1902\SharedContent\cpp\MainPage.xaml(37,44): XamlCompiler error WMC0001: Unknown type 'Bind' in XML namespace 'http://schemas.Microsoft.com/winfx/2006/xaml'
D:\GoldenShark\Projects\OCR_1902\SharedContent\cpp\MainPage.xaml(30,78): XamlCompiler error WMC0001: Unknown type 'StaticResource' in XML namespace 'http://schemas.Microsoft.com/winfx/2006/xaml/presentation'
D:\GoldenShark\Projects\OCR_1902\SharedContent\cpp\MainPage.xaml(55,14): XamlCompiler error WMC0001: Unknown type 'RelativePanel' in XML namespace 'http://schemas.Microsoft.com/winfx/2006/xaml/presentation'
D:\GoldenShark\Projects\OCR_1902\SharedContent\cpp\MainPage.xaml(56,18): XamlCompiler error WMC0001: Unknown type 'Frame' in XML namespace 'http://schemas.Microsoft.com/winfx/2006/xaml/presentation'
D:\GoldenShark\Projects\OCR_1902\SharedContent\cpp\MainPage.xaml(57,18): XamlCompiler error WMC0001: Unknown type 'StackPanel' in XML namespace 'http://schemas.Microsoft.com/winfx/2006/xaml/presentation'
D:\GoldenShark\Projects\OCR_1902\SharedContent\cpp\MainPage.xaml(58,22): XamlCompiler error WMC0001: Unknown type 'TextBlock' in XML namespace 'http://schemas.Microsoft.com/winfx/2006/xaml/presentation'
D:\GoldenShark\Projects\OCR_1902\SharedContent\cpp\MainPage.xaml(59,22): XamlCompiler error WMC0001: Unknown type 'Border' in XML namespace 'http://schemas.Microsoft.com/winfx/2006/xaml/presentation'
D:\GoldenShark\Projects\OCR_1902\SharedContent\cpp\MainPage.xaml(60,26): XamlCompiler error WMC0001: Unknown type 'ScrollViewer' in XML namespace 'http://schemas.Microsoft.com/winfx/2006/xaml/presentation'
D:\GoldenShark\Projects\OCR_1902\SharedContent\cpp\MainPage.xaml(62,30): XamlCompiler error WMC0001: Unknown type 'TextBlock' in XML namespace 'http://schemas.Microsoft.com/winfx/2006/xaml/presentation'
D:\GoldenShark\Projects\OCR_1902\SharedContent\cpp\MainPage.xaml(63,36): XamlCompiler error WMC0001: Unknown type 'Binding' in XML namespace 'http://schemas.Microsoft.com/winfx/2006/xaml/presentation'
D:\GoldenShark\Projects\OCR_1902\cpp\OcrFileImage.xaml(13,2): XamlCompiler error WMC0001: Unknown type 'Page' in XML namespace 'http://schemas.Microsoft.com/winfx/2006/xaml/presentation'
D:\GoldenShark\Projects\OCR_1902\cpp\OcrFileImage.xaml(22,10): XamlCompiler error WMC0001: Unknown type 'Style' in XML namespace 'http://schemas.Microsoft.com/winfx/2006/xaml/presentation'
D:\GoldenShark\Projects\OCR_1902\cpp\OcrFileImage.xaml(26,10): XamlCompiler error WMC0001: Unknown type 'Style' in XML namespace 'http://schemas.Microsoft.com/winfx/2006/xaml/presentation'
D:\GoldenShark\Projects\OCR_1902\cpp\OcrFileImage.xaml(33,10): XamlCompiler error WMC0001: Unknown type 'Style' in XML namespace 'http://schemas.Microsoft.com/winfx/2006/xaml/presentation'
D:\GoldenShark\Projects\OCR_1902\cpp\OcrFileImage.xaml(33,75): XamlCompiler error WMC0001: Unknown type 'StaticResource' in XML namespace 'http://schemas.Microsoft.com/winfx/2006/xaml/presentation'
D:\GoldenShark\Projects\OCR_1902\cpp\OcrFileImage.xaml(34,14): XamlCompiler error WMC0001: Unknown type 'Setter' in XML namespace 'http://schemas.Microsoft.com/winfx/2006/xaml/presentation'
D:\GoldenShark\Projects\OCR_1902\cpp\OcrFileImage.xaml(36,22): XamlCompiler error WMC0001: Unknown type 'SolidColorBrush' in XML namespace 'http://schemas.Microsoft.com/winfx/2006/xaml/presentation'
D:\GoldenShark\Projects\OCR_1902\cpp\OcrFileImage.xaml(26,77): XamlCompiler error WMC0001: Unknown type 'StaticResource' in XML namespace 'http://schemas.Microsoft.com/winfx/2006/xaml/presentation'
D:\GoldenShark\Projects\OCR_1902\cpp\OcrFileImage.xaml(27,14): XamlCompiler error WMC0001: Unknown type 'Setter' in XML namespace 'http://schemas.Microsoft.com/winfx/2006/xaml/presentation'
D:\GoldenShark\Projects\OCR_1902\cpp\OcrFileImage.xaml(29,22): XamlCompiler error WMC0001: Unknown type 'SolidColorBrush' in XML namespace 'http://schemas.Microsoft.com/winfx/2006/xaml/presentation'
D:\GoldenShark\Projects\OCR_1902\cpp\OcrFileImage.xaml(23,14): XamlCompiler error WMC0001: Unknown type 'Setter' in XML namespace 'http://schemas.Microsoft.com/winfx/2006/xaml/presentation'
D:\GoldenShark\Projects\OCR_1902\cpp\OcrFileImage.xaml(24,14): XamlCompiler error WMC0001: Unknown type 'Setter' in XML namespace 'http://schemas.Microsoft.com/winfx/2006/xaml/presentation'
D:\GoldenShark\Projects\OCR_1902\cpp\OcrFileImage.xaml(41,6): XamlCompiler error WMC0001: Unknown type 'Grid' in XML namespace 'http://schemas.Microsoft.com/winfx/2006/xaml/presentation'
D:\GoldenShark\Projects\OCR_1902\cpp\OcrFileImage.xaml(41,11): XamlCompiler error WMC0001: Unknown type 'ThemeResource' in XML namespace 'http://schemas.Microsoft.com/winfx/2006/xaml/presentation'
D:\GoldenShark\Projects\OCR_1902\cpp\OcrFileImage.xaml(42,10): XamlCompiler error WMC0001: Unknown type 'Grid' in XML namespace 'http://schemas.Microsoft.com/winfx/2006/xaml/presentation'
D:\GoldenShark\Projects\OCR_1902\cpp\OcrFileImage.xaml(44,18): XamlCompiler error WMC0001: Unknown type 'RowDefinition' in XML namespace 'http://schemas.Microsoft.com/winfx/2006/xaml/presentation'
D:\GoldenShark\Projects\OCR_1902\cpp\OcrFileImage.xaml(45,18): XamlCompiler error WMC0001: Unknown type 'RowDefinition' in XML namespace 'http://schemas.Microsoft.com/winfx/2006/xaml/presentation'
D:\GoldenShark\Projects\OCR_1902\cpp\OcrFileImage.xaml(46,18): XamlCompiler error WMC0001: Unknown type 'RowDefinition' in XML namespace 'http://schemas.Microsoft.com/winfx/2006/xaml/presentation'
D:\GoldenShark\Projects\OCR_1902\cpp\OcrFileImage.xaml(48,14): XamlCompiler error WMC0001: Unknown type 'StackPanel' in XML namespace 'http://schemas.Microsoft.com/winfx/2006/xaml/presentation'
D:\GoldenShark\Projects\OCR_1902\cpp\OcrFileImage.xaml(55,14): XamlCompiler error WMC0001: Unknown type 'ScrollViewer' in XML namespace 'http://schemas.Microsoft.com/winfx/2006/xaml/presentation'
D:\GoldenShark\Projects\OCR_1902\cpp\OcrFileImage.xaml(56,18): XamlCompiler error WMC0001: Unknown type 'StackPanel' in XML namespace 'http://schemas.Microsoft.com/winfx/2006/xaml/presentation'
D:\GoldenShark\Projects\OCR_1902\cpp\OcrFileImage.xaml(57,22): XamlCompiler error WMC0001: Unknown type 'StackPanel' in XML namespace 'http://schemas.Microsoft.com/winfx/2006/xaml/presentation'
D:\GoldenShark\Projects\OCR_1902\cpp\OcrFileImage.xaml(61,22): XamlCompiler error WMC0001: Unknown type 'ComboBox' in XML namespace 'http://schemas.Microsoft.com/winfx/2006/xaml/presentation'
D:\GoldenShark\Projects\OCR_1902\cpp\OcrFileImage.xaml(62,22): XamlCompiler error WMC0001: Unknown type 'Grid' in XML namespace 'http://schemas.Microsoft.com/winfx/2006/xaml/presentation'
D:\GoldenShark\Projects\OCR_1902\cpp\OcrFileImage.xaml(66,22): XamlCompiler error WMC0001: Unknown type 'StackPanel' in XML namespace 'http://schemas.Microsoft.com/winfx/2006/xaml/presentation'
D:\GoldenShark\Projects\OCR_1902\cpp\OcrFileImage.xaml(83,22): XamlCompiler error WMC0001: Unknown type 'TextBlock' in XML namespace 'http://schemas.Microsoft.com/winfx/2006/xaml/presentation'
D:\GoldenShark\Projects\OCR_1902\cpp\OcrFileImage.xaml(67,26): XamlCompiler error WMC0001: Unknown type 'Button' in XML namespace 'http://schemas.Microsoft.com/winfx/2006/xaml/presentation'
D:\GoldenShark\Projects\OCR_1902\cpp\OcrFileImage.xaml(72,26): XamlCompiler error WMC0001: Unknown type 'Button' in XML namespace 'http://schemas.Microsoft.com/winfx/2006/xaml/presentation'
D:\GoldenShark\Projects\OCR_1902\cpp\OcrFileImage.xaml(77,26): XamlCompiler error WMC0001: Unknown type 'Button' in XML namespace 'http://schemas.Microsoft.com/winfx/2006/xaml/presentation'
D:\GoldenShark\Projects\OCR_1902\cpp\OcrFileImage.xaml(78,30): XamlCompiler error WMC0001: Unknown type 'Viewbox' in XML namespace 'http://schemas.Microsoft.com/winfx/2006/xaml/presentation'
D:\GoldenShark\Projects\OCR_1902\cpp\OcrFileImage.xaml(79,34): XamlCompiler error WMC0001: Unknown type 'SymbolIcon' in XML namespace 'http://schemas.Microsoft.com/winfx/2006/xaml/presentation'
D:\GoldenShark\Projects\OCR_1902\cpp\OcrFileImage.xaml(73,30): XamlCompiler error WMC0001: Unknown type 'Viewbox' in XML namespace 'http://schemas.Microsoft.com/winfx/2006/xaml/presentation'
D:\GoldenShark\Projects\OCR_1902\cpp\OcrFileImage.xaml(74,34): XamlCompiler error WMC0001: Unknown type 'SymbolIcon' in XML namespace 'http://schemas.Microsoft.com/winfx/2006/xaml/presentation'
D:\GoldenShark\Projects\OCR_1902\cpp\OcrFileImage.xaml(68,30): XamlCompiler error WMC0001: Unknown type 'Viewbox' in XML namespace 'http://schemas.Microsoft.com/winfx/2006/xaml/presentation'
D:\GoldenShark\Projects\OCR_1902\cpp\OcrFileImage.xaml(69,34): XamlCompiler error WMC0001: Unknown type 'SymbolIcon' in XML namespace 'http://schemas.Microsoft.com/winfx/2006/xaml/presentation'
D:\GoldenShark\Projects\OCR_1902\cpp\OcrFileImage.xaml(63,26): XamlCompiler error WMC0001: Unknown type 'Image' in XML namespace 'http://schemas.Microsoft.com/winfx/2006/xaml/presentation'
D:\GoldenShark\Projects\OCR_1902\cpp\OcrFileImage.xaml(64,26): XamlCompiler error WMC0001: Unknown type 'Grid' in XML namespace 'http://schemas.Microsoft.com/winfx/2006/xaml/presentation'
D:\GoldenShark\Projects\OCR_1902\cpp\OcrFileImage.xaml(58,26): XamlCompiler error WMC0001: Unknown type 'TextBlock' in XML namespace 'http://schemas.Microsoft.com/winfx/2006/xaml/presentation'
D:\GoldenShark\Projects\OCR_1902\cpp\OcrFileImage.xaml(59,26): XamlCompiler error WMC0001: Unknown type 'ToggleSwitch' in XML namespace 'http://schemas.Microsoft.com/winfx/2006/xaml/presentation'
D:\GoldenShark\Projects\OCR_1902\cpp\OcrFileImage.xaml(49,18): XamlCompiler error WMC0001: Unknown type 'TextBlock' in XML namespace 'http://schemas.Microsoft.com/winfx/2006/xaml/presentation'
D:\GoldenShark\Projects\OCR_1902\cpp\OcrFileImage.xaml(50,18): XamlCompiler error WMC0001: Unknown type 'TextBlock' in XML namespace 'http://schemas.Microsoft.com/winfx/2006/xaml/presentation'
D:\GoldenShark\Projects\OCR_1902\cpp\OcrFileImage.xaml(50,28): XamlCompiler error WMC0001: Unknown type 'StaticResource' in XML namespace 'http://schemas.Microsoft.com/winfx/2006/xaml/presentation'
D:\GoldenShark\Projects\OCR_1902\cpp\OcrFileImage.xaml(49,48): XamlCompiler error WMC0001: Unknown type 'StaticResource' in XML namespace 'http://schemas.Microsoft.com/winfx/2006/xaml/presentation'
D:\GoldenShark\Projects\OCR_1902\cpp\OcrCapturedImage.xaml(13,2): XamlCompiler error WMC0001: Unknown type 'Page' in XML namespace 'http://schemas.Microsoft.com/winfx/2006/xaml/presentation'
D:\GoldenShark\Projects\OCR_1902\cpp\OcrCapturedImage.xaml(22,10): XamlCompiler error WMC0001: Unknown type 'Style' in XML namespace 'http://schemas.Microsoft.com/winfx/2006/xaml/presentation'
D:\GoldenShark\Projects\OCR_1902\cpp\OcrCapturedImage.xaml(26,10): XamlCompiler error WMC0001: Unknown type 'Style' in XML namespace 'http://schemas.Microsoft.com/winfx/2006/xaml/presentation'
D:\GoldenShark\Projects\OCR_1902\cpp\OcrCapturedImage.xaml(32,10): XamlCompiler error WMC0001: Unknown type 'Style' in XML namespace 'http://schemas.Microsoft.com/winfx/2006/xaml/presentation'
D:\GoldenShark\Projects\OCR_1902\cpp\OcrCapturedImage.xaml(39,10): XamlCompiler error WMC0001: Unknown type 'Style' in XML namespace 'http://schemas.Microsoft.com/winfx/2006/xaml/presentation'
D:\GoldenShark\Projects\OCR_1902\cpp\OcrCapturedImage.xaml(46,10): XamlCompiler error WMC0001: Unknown type 'Style' in XML namespace 'http://schemas.Microsoft.com/winfx/2006/xaml/presentation'
D:\GoldenShark\Projects\OCR_1902\cpp\OcrCapturedImage.xaml(47,14): XamlCompiler error WMC0001: Unknown type 'Setter' in XML namespace 'http://schemas.Microsoft.com/winfx/2006/xaml/presentation'
D:\GoldenShark\Projects\OCR_1902\cpp\OcrCapturedImage.xaml(48,14): XamlCompiler error WMC0001: Unknown type 'Setter' in XML namespace 'http://schemas.Microsoft.com/winfx/2006/xaml/presentation'
D:\GoldenShark\Projects\OCR_1902\cpp\OcrCapturedImage.xaml(39,75): XamlCompiler error WMC0001: Unknown type 'StaticResource' in XML namespace 'http://schemas.Microsoft.com/winfx/2006/xaml/presentation'
D:\GoldenShark\Projects\OCR_1902\cpp\OcrCapturedImage.xaml(40,14): XamlCompiler error WMC0001: Unknown type 'Setter' in XML namespace 'http://schemas.Microsoft.com/winfx/2006/xaml/presentation'
D:\GoldenShark\Projects\OCR_1902\cpp\OcrCapturedImage.xaml(42,22): XamlCompiler error WMC0001: Unknown type 'SolidColorBrush' in XML namespace 'http://schemas.Microsoft.com/winfx/2006/xaml/presentation'
D:\GoldenShark\Projects\OCR_1902\cpp\OcrCapturedImage.xaml(32,77): XamlCompiler error WMC0001: Unknown type 'StaticResource' in XML namespace 'http://schemas.Microsoft.com/winfx/2006/xaml/presentation'
D:\GoldenShark\Projects\OCR_1902\cpp\OcrCapturedImage.xaml(33,14): XamlCompiler error WMC0001: Unknown type 'Setter' in XML namespace 'http://schemas.Microsoft.com/winfx/2006/xaml/presentation'
D:\GoldenShark\Projects\OCR_1902\cpp\OcrCapturedImage.xaml(35,22): XamlCompiler error WMC0001: Unknown type 'SolidColorBrush' in XML namespace 'http://schemas.Microsoft.com/winfx/2006/xaml/presentation'
D:\GoldenShark\Projects\OCR_1902\cpp\OcrCapturedImage.xaml(27,14): XamlCompiler error WMC0001: Unknown type 'Setter' in XML namespace 'http://schemas.Microsoft.com/winfx/2006/xaml/presentation'
D:\GoldenShark\Projects\OCR_1902\cpp\OcrCapturedImage.xaml(28,14): XamlCompiler error WMC0001: Unknown type 'Setter' in XML namespace 'http://schemas.Microsoft.com/winfx/2006/xaml/presentation'
D:\GoldenShark\Projects\OCR_1902\cpp\OcrCapturedImage.xaml(29,14): XamlCompiler error WMC0001: Unknown type 'Setter' in XML namespace 'http://schemas.Microsoft.com/winfx/2006/xaml/presentation'
D:\GoldenShark\Projects\OCR_1902\cpp\OcrCapturedImage.xaml(30,14): XamlCompiler error WMC0001: Unknown type 'Setter' in XML namespace 'http://schemas.Microsoft.com/winfx/2006/xaml/presentation'
D:\GoldenShark\Projects\OCR_1902\cpp\OcrCapturedImage.xaml(23,14): XamlCompiler error WMC0001: Unknown type 'Setter' in XML namespace 'http://schemas.Microsoft.com/winfx/2006/xaml/presentation'
D:\GoldenShark\Projects\OCR_1902\cpp\OcrCapturedImage.xaml(24,14): XamlCompiler error WMC0001: Unknown type 'Setter' in XML namespace 'http://schemas.Microsoft.com/winfx/2006/xaml/presentation'
D:\GoldenShark\Projects\OCR_1902\cpp\OcrCapturedImage.xaml(51,6): XamlCompiler error WMC0001: Unknown type 'Grid' in XML namespace 'http://schemas.Microsoft.com/winfx/2006/xaml/presentation'
D:\GoldenShark\Projects\OCR_1902\cpp\OcrCapturedImage.xaml(51,11): XamlCompiler error WMC0001: Unknown type 'ThemeResource' in XML namespace 'http://schemas.Microsoft.com/winfx/2006/xaml/presentation'
D:\GoldenShark\Projects\OCR_1902\cpp\OcrCapturedImage.xaml(52,10): XamlCompiler error WMC0001: Unknown type 'Grid' in XML namespace 'http://schemas.Microsoft.com/winfx/2006/xaml/presentation'
D:\GoldenShark\Projects\OCR_1902\cpp\OcrCapturedImage.xaml(54,18): XamlCompiler error WMC0001: Unknown type 'RowDefinition' in XML namespace 'http://schemas.Microsoft.com/winfx/2006/xaml/presentation'
D:\GoldenShark\Projects\OCR_1902\cpp\OcrCapturedImage.xaml(55,18): XamlCompiler error WMC0001: Unknown type 'RowDefinition' in XML namespace 'http://schemas.Microsoft.com/winfx/2006/xaml/presentation'
D:\GoldenShark\Projects\OCR_1902\cpp\OcrCapturedImage.xaml(56,18): XamlCompiler error WMC0001: Unknown type 'RowDefinition' in XML namespace 'http://schemas.Microsoft.com/winfx/2006/xaml/presentation'
D:\GoldenShark\Projects\OCR_1902\cpp\OcrCapturedImage.xaml(58,14): XamlCompiler error WMC0001: Unknown type 'StackPanel' in XML namespace 'http://schemas.Microsoft.com/winfx/2006/xaml/presentation'
D:\GoldenShark\Projects\OCR_1902\cpp\OcrCapturedImage.xaml(64,14): XamlCompiler error WMC0001: Unknown type 'Grid' in XML namespace 'http://schemas.Microsoft.com/winfx/2006/xaml/presentation'
D:\GoldenShark\Projects\OCR_1902\cpp\OcrCapturedImage.xaml(71,14): XamlCompiler error WMC0001: Unknown type 'StackPanel' in XML namespace 'http://schemas.Microsoft.com/winfx/2006/xaml/presentation'
D:\GoldenShark\Projects\OCR_1902\cpp\OcrCapturedImage.xaml(83,14): XamlCompiler error WMC0001: Unknown type 'TextBlock' in XML namespace 'http://schemas.Microsoft.com/winfx/2006/xaml/presentation'
D:\GoldenShark\Projects\OCR_1902\cpp\OcrCapturedImage.xaml(72,18): XamlCompiler error WMC0001: Unknown type 'Button' in XML namespace 'http://schemas.Microsoft.com/winfx/2006/xaml/presentation'
D:\GoldenShark\Projects\OCR_1902\cpp\OcrCapturedImage.xaml(77,18): XamlCompiler error WMC0001: Unknown type 'Button' in XML namespace 'http://schemas.Microsoft.com/winfx/2006/xaml/presentation'
D:\GoldenShark\Projects\OCR_1902\cpp\OcrCapturedImage.xaml(78,22): XamlCompiler error WMC0001: Unknown type 'Viewbox' in XML namespace 'http://schemas.Microsoft.com/winfx/2006/xaml/presentation'
D:\GoldenShark\Projects\OCR_1902\cpp\OcrCapturedImage.xaml(79,26): XamlCompiler error WMC0001: Unknown type 'SymbolIcon' in XML namespace 'http://schemas.Microsoft.com/winfx/2006/xaml/presentation'
D:\GoldenShark\Projects\OCR_1902\cpp\OcrCapturedImage.xaml(73,22): XamlCompiler error WMC0001: Unknown type 'Viewbox' in XML namespace 'http://schemas.Microsoft.com/winfx/2006/xaml/presentation'
D:\GoldenShark\Projects\OCR_1902\cpp\OcrCapturedImage.xaml(74,26): XamlCompiler error WMC0001: Unknown type 'SymbolIcon' in XML namespace 'http://schemas.Microsoft.com/winfx/2006/xaml/presentation'
D:\GoldenShark\Projects\OCR_1902\cpp\OcrCapturedImage.xaml(65,18): XamlCompiler error WMC0001: Unknown type 'CaptureElement' in XML namespace 'http://schemas.Microsoft.com/winfx/2006/xaml/presentation'
D:\GoldenShark\Projects\OCR_1902\cpp\OcrCapturedImage.xaml(66,18): XamlCompiler error WMC0001: Unknown type 'Grid' in XML namespace 'http://schemas.Microsoft.com/winfx/2006/xaml/presentation'
D:\GoldenShark\Projects\OCR_1902\cpp\OcrCapturedImage.xaml(67,22): XamlCompiler error WMC0001: Unknown type 'Image' in XML namespace 'http://schemas.Microsoft.com/winfx/2006/xaml/presentation'
D:\GoldenShark\Projects\OCR_1902\cpp\OcrCapturedImage.xaml(68,22): XamlCompiler error WMC0001: Unknown type 'Grid' in XML namespace 'http://schemas.Microsoft.com/winfx/2006/xaml/presentation'
D:\GoldenShark\Projects\OCR_1902\cpp\OcrCapturedImage.xaml(59,18): XamlCompiler error WMC0001: Unknown type 'TextBlock' in XML namespace 'http://schemas.Microsoft.com/winfx/2006/xaml/presentation'
D:\GoldenShark\Projects\OCR_1902\cpp\OcrCapturedImage.xaml(60,18): XamlCompiler error WMC0001: Unknown type 'TextBlock' in XML namespace 'http://schemas.Microsoft.com/winfx/2006/xaml/presentation'
D:\GoldenShark\Projects\OCR_1902\cpp\OcrCapturedImage.xaml(60,28): XamlCompiler error WMC0001: Unknown type 'StaticResource' in XML namespace 'http://schemas.Microsoft.com/winfx/2006/xaml/presentation'
D:\GoldenShark\Projects\OCR_1902\cpp\OcrCapturedImage.xaml(59,48): XamlCompiler error WMC0001: Unknown type 'StaticResource' in XML namespace 'http://schemas.Microsoft.com/winfx/2006/xaml/presentation'
D:\GoldenShark\Projects\OCR_1902\SharedContent\xaml\Styles.xaml(13,2): XamlCompiler error WMC0001: Unknown type 'ResourceDictionary' in XML namespace 'http://schemas.Microsoft.com/winfx/2006/xaml/presentation'
D:\GoldenShark\Projects\OCR_1902\SharedContent\xaml\Styles.xaml(18,6): XamlCompiler error WMC0001: Unknown type 'Style' in XML namespace 'http://schemas.Microsoft.com/winfx/2006/xaml/presentation'
D:\GoldenShark\Projects\OCR_1902\SharedContent\xaml\Styles.xaml(111,6): XamlCompiler error WMC0001: Unknown type 'Style' in XML namespace 'http://schemas.Microsoft.com/winfx/2006/xaml/presentation'
D:\GoldenShark\Projects\OCR_1902\SharedContent\xaml\Styles.xaml(115,6): XamlCompiler error WMC0001: Unknown type 'Style' in XML namespace 'http://schemas.Microsoft.com/winfx/2006/xaml/presentation'
D:\GoldenShark\Projects\OCR_1902\SharedContent\xaml\Styles.xaml(118,6): XamlCompiler error WMC0001: Unknown type 'Style' in XML namespace 'http://schemas.Microsoft.com/winfx/2006/xaml/presentation'
D:\GoldenShark\Projects\OCR_1902\SharedContent\xaml\Styles.xaml(122,6): XamlCompiler error WMC0001: Unknown type 'Style' in XML namespace 'http://schemas.Microsoft.com/winfx/2006/xaml/presentation'
D:\GoldenShark\Projects\OCR_1902\SharedContent\xaml\Styles.xaml(128,6): XamlCompiler error WMC0001: Unknown type 'Style' in XML namespace 'http://schemas.Microsoft.com/winfx/2006/xaml/presentation'
D:\GoldenShark\Projects\OCR_1902\SharedContent\xaml\Styles.xaml(132,6): XamlCompiler error WMC0001: Unknown type 'Style' in XML namespace 'http://schemas.Microsoft.com/winfx/2006/xaml/presentation'
D:\GoldenShark\Projects\OCR_1902\SharedContent\xaml\Styles.xaml(135,6): XamlCompiler error WMC0001: Unknown type 'Style' in XML namespace 'http://schemas.Microsoft.com/winfx/2006/xaml/presentation'
D:\GoldenShark\Projects\OCR_1902\SharedContent\xaml\Styles.xaml(138,6): XamlCompiler error WMC0001: Unknown type 'Style' in XML namespace 'http://schemas.Microsoft.com/winfx/2006/xaml/presentation'
D:\GoldenShark\Projects\OCR_1902\SharedContent\xaml\Styles.xaml(142,6): XamlCompiler error WMC0001: Unknown type 'Style' in XML namespace 'http://schemas.Microsoft.com/winfx/2006/xaml/presentation'
D:\GoldenShark\Projects\OCR_1902\SharedContent\xaml\Styles.xaml(147,6): XamlCompiler error WMC0001: Unknown type 'Style' in XML namespace 'http://schemas.Microsoft.com/winfx/2006/xaml/presentation'
D:\GoldenShark\Projects\OCR_1902\SharedContent\xaml\Styles.xaml(153,6): XamlCompiler error WMC0001: Unknown type 'Style' in XML namespace 'http://schemas.Microsoft.com/winfx/2006/xaml/presentation'
D:\GoldenShark\Projects\OCR_1902\SharedContent\xaml\Styles.xaml(313,6): XamlCompiler error WMC0001: Unknown type 'Style' in XML namespace 'http://schemas.Microsoft.com/winfx/2006/xaml/presentation'
D:\GoldenShark\Projects\OCR_1902\SharedContent\xaml\Styles.xaml(476,6): XamlCompiler error WMC0001: Unknown type 'Style' in XML namespace 'http://schemas.Microsoft.com/winfx/2006/xaml/presentation'
D:\GoldenShark\Projects\OCR_1902\SharedContent\xaml\Styles.xaml(477,10): XamlCompiler error WMC0001: Unknown type 'Setter' in XML namespace 'http://schemas.Microsoft.com/winfx/2006/xaml/presentation'
D:\GoldenShark\Projects\OCR_1902\SharedContent\xaml\Styles.xaml(478,10): XamlCompiler error WMC0001: Unknown type 'Setter' in XML namespace 'http://schemas.Microsoft.com/winfx/2006/xaml/presentation'
D:\GoldenShark\Projects\OCR_1902\SharedContent\xaml\Styles.xaml(479,10): XamlCompiler error WMC0001: Unknown type 'Setter' in XML namespace 'http://schemas.Microsoft.com/winfx/2006/xaml/presentation'
D:\GoldenShark\Projects\OCR_1902\SharedContent\xaml\Styles.xaml(480,10): XamlCompiler error WMC0001: Unknown type 'Setter' in XML namespace 'http://schemas.Microsoft.com/winfx/2006/xaml/presentation'
D:\GoldenShark\Projects\OCR_1902\SharedContent\xaml\Styles.xaml(481,10): XamlCompiler error WMC0001: Unknown type 'Setter' in XML namespace 'http://schemas.Microsoft.com/winfx/2006/xaml/presentation'
D:\GoldenShark\Projects\OCR_1902\SharedContent\xaml\Styles.xaml(482,10): XamlCompiler error WMC0001: Unknown type 'Setter' in XML namespace 'http://schemas.Microsoft.com/winfx/2006/xaml/presentation'
D:\GoldenShark\Projects\OCR_1902\SharedContent\xaml\Styles.xaml(483,10): XamlCompiler error WMC0001: Unknown type 'Setter' in XML namespace 'http://schemas.Microsoft.com/winfx/2006/xaml/presentation'
D:\GoldenShark\Projects\OCR_1902\SharedContent\xaml\Styles.xaml(484,10): XamlCompiler error WMC0001: Unknown type 'Setter' in XML namespace 'http://schemas.Microsoft.com/winfx/2006/xaml/presentation'
D:\GoldenShark\Projects\OCR_1902\SharedContent\xaml\Styles.xaml(485,10): XamlCompiler error WMC0001: Unknown type 'Setter' in XML namespace 'http://schemas.Microsoft.com/winfx/2006/xaml/presentation'
D:\GoldenShark\Projects\OCR_1902\SharedContent\xaml\Styles.xaml(486,10): XamlCompiler error WMC0001: Unknown type 'Setter' in XML namespace 'http://schemas.Microsoft.com/winfx/2006/xaml/presentation'
D:\GoldenShark\Projects\OCR_1902\SharedContent\xaml\Styles.xaml(487,10): XamlCompiler error WMC0001: Unknown type 'Setter' in XML namespace 'http://schemas.Microsoft.com/winfx/2006/xaml/presentation'
D:\GoldenShark\Projects\OCR_1902\SharedContent\xaml\Styles.xaml(488,10): XamlCompiler error WMC0001: Unknown type 'Setter' in XML namespace 'http://schemas.Microsoft.com/winfx/2006/xaml/presentation'
D:\GoldenShark\Projects\OCR_1902\SharedContent\xaml\Styles.xaml(489,10): XamlCompiler error WMC0001: Unknown type 'Setter' in XML namespace 'http://schemas.Microsoft.com/winfx/2006/xaml/presentation'
D:\GoldenShark\Projects\OCR_1902\SharedContent\xaml\Styles.xaml(490,10): XamlCompiler error WMC0001: Unknown type 'Setter' in XML namespace 'http://schemas.Microsoft.com/winfx/2006/xaml/presentation'
D:\GoldenShark\Projects\OCR_1902\SharedContent\xaml\Styles.xaml(491,10): XamlCompiler error WMC0001: Unknown type 'Setter' in XML namespace 'http://schemas.Microsoft.com/winfx/2006/xaml/presentation'
D:\GoldenShark\Projects\OCR_1902\SharedContent\xaml\Styles.xaml(492,10): XamlCompiler error WMC0001: Unknown type 'Setter' in XML namespace 'http://schemas.Microsoft.com/winfx/2006/xaml/presentation'
D:\GoldenShark\Projects\OCR_1902\SharedContent\xaml\Styles.xaml(493,10): XamlCompiler error WMC0001: Unknown type 'Setter' in XML namespace 'http://schemas.Microsoft.com/winfx/2006/xaml/presentation'
D:\GoldenShark\Projects\OCR_1902\SharedContent\xaml\Styles.xaml(494,10): XamlCompiler error WMC0001: Unknown type 'Setter' in XML namespace 'http://schemas.Microsoft.com/winfx/2006/xaml/presentation'
D:\GoldenShark\Projects\OCR_1902\SharedContent\xaml\Styles.xaml(501,10): XamlCompiler error WMC0001: Unknown type 'Setter' in XML namespace 'http://schemas.Microsoft.com/winfx/2006/xaml/presentation'
D:\GoldenShark\Projects\OCR_1902\SharedContent\xaml\Styles.xaml(503,18): XamlCompiler error WMC0001: Unknown type 'ControlTemplate' in XML namespace 'http://schemas.Microsoft.com/winfx/2006/xaml/presentation'
D:\GoldenShark\Projects\OCR_1902\SharedContent\xaml\Styles.xaml(504,22): XamlCompiler error WMC0001: Unknown type 'Border' in XML namespace 'http://schemas.Microsoft.com/winfx/2006/xaml/presentation'
D:\GoldenShark\Projects\OCR_1902\SharedContent\xaml\Styles.xaml(504,75): XamlCompiler error WMC0001: Unknown type 'TemplateBinding' in XML namespace 'http://schemas.Microsoft.com/winfx/2006/xaml/presentation'
D:\GoldenShark\Projects\OCR_1902\SharedContent\xaml\Styles.xaml(506,30): XamlCompiler error WMC0001: Unknown type 'VisualStateGroup' in XML namespace 'http://schemas.Microsoft.com/winfx/2006/xaml/presentation'
D:\GoldenShark\Projects\OCR_1902\SharedContent\xaml\Styles.xaml(516,30): XamlCompiler error WMC0001: Unknown type 'VisualStateGroup' in XML namespace 'http://schemas.Microsoft.com/winfx/2006/xaml/presentation'
D:\GoldenShark\Projects\OCR_1902\SharedContent\xaml\Styles.xaml(517,34): XamlCompiler error WMC0001: Unknown type 'VisualState' in XML namespace 'http://schemas.Microsoft.com/winfx/2006/xaml/presentation'
D:\GoldenShark\Projects\OCR_1902\SharedContent\xaml\Styles.xaml(524,34): XamlCompiler error WMC0001: Unknown type 'VisualState' in XML namespace 'http://schemas.Microsoft.com/winfx/2006/xaml/presentation'
D:\GoldenShark\Projects\OCR_1902\SharedContent\xaml\Styles.xaml(518,38): XamlCompiler error WMC0001: Unknown type 'Storyboard' in XML namespace 'http://schemas.Microsoft.com/winfx/2006/xaml/presentation'
D:\GoldenShark\Projects\OCR_1902\SharedContent\xaml\Styles.xaml(519,42): XamlCompiler error WMC0001: Unknown type 'ObjectAnimationUsingKeyFrames' in XML namespace 'http://schemas.Microsoft.com/winfx/2006/xaml/presentation'
D:\GoldenShark\Projects\OCR_1902\SharedContent\xaml\Styles.xaml(520,46): XamlCompiler error WMC0001: Unknown type 'DiscreteObjectKeyFrame' in XML namespace 'http://schemas.Microsoft.com/winfx/2006/xaml/presentation'
D:\GoldenShark\Projects\OCR_1902\SharedContent\xaml\Styles.xaml(507,34): XamlCompiler error WMC0001: Unknown type 'VisualState' in XML namespace 'http://schemas.Microsoft.com/winfx/2006/xaml/presentation'
D:\GoldenShark\Projects\OCR_1902\SharedContent\xaml\Styles.xaml(508,34): XamlCompiler error WMC0001: Unknown type 'VisualState' in XML namespace 'http://schemas.Microsoft.com/winfx/2006/xaml/presentation'
D:\GoldenShark\Projects\OCR_1902\SharedContent\xaml\Styles.xaml(509,38): XamlCompiler error WMC0001: Unknown type 'Storyboard' in XML namespace 'http://schemas.Microsoft.com/winfx/2006/xaml/presentation'
D:\GoldenShark\Projects\OCR_1902\SharedContent\xaml\Styles.xaml(510,42): XamlCompiler error WMC0001: Unknown type 'ObjectAnimationUsingKeyFrames' in XML namespace 'http://schemas.Microsoft.com/winfx/2006/xaml/presentation'
D:\GoldenShark\Projects\OCR_1902\SharedContent\xaml\Styles.xaml(511,46): XamlCompiler error WMC0001: Unknown type 'DiscreteObjectKeyFrame' in XML namespace 'http://schemas.Microsoft.com/winfx/2006/xaml/presentation'
D:\GoldenShark\Projects\OCR_1902\SharedContent\xaml\Styles.xaml(527,26): XamlCompiler error WMC0001: Unknown type 'ScrollViewer' in XML namespace 'http://schemas.Microsoft.com/winfx/2006/xaml/presentation'
D:\GoldenShark\Projects\OCR_1902\SharedContent\xaml\Styles.xaml(527,106): XamlCompiler error WMC0001: Unknown type 'TemplateBinding' in XML namespace 'http://schemas.Microsoft.com/winfx/2006/xaml/presentation'
D:\GoldenShark\Projects\OCR_1902\SharedContent\xaml\Styles.xaml(527,193): XamlCompiler error WMC0001: Unknown type 'TemplateBinding' in XML namespace 'http://schemas.Microsoft.com/winfx/2006/xaml/presentation'
D:\GoldenShark\Projects\OCR_1902\SharedContent\xaml\Styles.xaml(527,268): XamlCompiler error WMC0001: Unknown type 'TemplateBinding' in XML namespace 'http://schemas.Microsoft.com/winfx/2006/xaml/presentation'
D:\GoldenShark\Projects\OCR_1902\SharedContent\xaml\Styles.xaml(527,361): XamlCompiler error WMC0001: Unknown type 'TemplateBinding' in XML namespace 'http://schemas.Microsoft.com/winfx/2006/xaml/presentation'
D:\GoldenShark\Projects\OCR_1902\SharedContent\xaml\Styles.xaml(527,442): XamlCompiler error WMC0001: Unknown type 'TemplateBinding' in XML namespace 'http://schemas.Microsoft.com/winfx/2006/xaml/presentation'
D:\GoldenShark\Projects\OCR_1902\SharedContent\xaml\Styles.xaml(527,519): XamlCompiler error WMC0001: Unknown type 'TemplateBinding' in XML namespace 'http://schemas.Microsoft.com/winfx/2006/xaml/presentation'
D:\GoldenShark\Projects\OCR_1902\SharedContent\xaml\Styles.xaml(527,606): XamlCompiler error WMC0001: Unknown type 'TemplateBinding' in XML namespace 'http://schemas.Microsoft.com/winfx/2006/xaml/presentation'
D:\GoldenShark\Projects\OCR_1902\SharedContent\xaml\Styles.xaml(527,642): XamlCompiler error WMC0001: Unknown type 'TemplateBinding' in XML namespace 'http://schemas.Microsoft.com/winfx/2006/xaml/presentation'
D:\GoldenShark\Projects\OCR_1902\SharedContent\xaml\Styles.xaml(527,690): XamlCompiler error WMC0001: Unknown type 'TemplateBinding' in XML namespace 'http://schemas.Microsoft.com/winfx/2006/xaml/presentation'
D:\GoldenShark\Projects\OCR_1902\SharedContent\xaml\Styles.xaml(527,779): XamlCompiler error WMC0001: Unknown type 'TemplateBinding' in XML namespace 'http://schemas.Microsoft.com/winfx/2006/xaml/presentation'
D:\GoldenShark\Projects\OCR_1902\SharedContent\xaml\Styles.xaml(527,850): XamlCompiler error WMC0001: Unknown type 'TemplateBinding' in XML namespace 'http://schemas.Microsoft.com/winfx/2006/xaml/presentation'
D:\GoldenShark\Projects\OCR_1902\SharedContent\xaml\Styles.xaml(528,30): XamlCompiler error WMC0001: Unknown type 'ItemsPresenter' in XML namespace 'http://schemas.Microsoft.com/winfx/2006/xaml/presentation'
D:\GoldenShark\Projects\OCR_1902\SharedContent\xaml\Styles.xaml(496,18): XamlCompiler error WMC0001: Unknown type 'ItemsPanelTemplate' in XML namespace 'http://schemas.Microsoft.com/winfx/2006/xaml/presentation'
D:\GoldenShark\Projects\OCR_1902\SharedContent\xaml\Styles.xaml(497,22): XamlCompiler error WMC0001: Unknown type 'VirtualizingStackPanel' in XML namespace 'http://schemas.Microsoft.com/winfx/2006/xaml/presentation'
D:\GoldenShark\Projects\OCR_1902\SharedContent\xaml\Styles.xaml(493,37): XamlCompiler error WMC0001: Unknown type 'ThemeResource' in XML namespace 'http://schemas.Microsoft.com/winfx/2006/xaml/presentation'
D:\GoldenShark\Projects\OCR_1902\SharedContent\xaml\Styles.xaml(492,39): XamlCompiler error WMC0001: Unknown type 'ThemeResource' in XML namespace 'http://schemas.Microsoft.com/winfx/2006/xaml/presentation'
D:\GoldenShark\Projects\OCR_1902\SharedContent\xaml\Styles.xaml(480,44): XamlCompiler error WMC0001: Unknown type 'ThemeResource' in XML namespace 'http://schemas.Microsoft.com/winfx/2006/xaml/presentation'
D:\GoldenShark\Projects\OCR_1902\SharedContent\xaml\Styles.xaml(477,39): XamlCompiler error WMC0001: Unknown type 'ThemeResource' in XML namespace 'http://schemas.Microsoft.com/winfx/2006/xaml/presentation'
D:\GoldenShark\Projects\OCR_1902\SharedContent\xaml\Styles.xaml(314,10): XamlCompiler error WMC0001: Unknown type 'Setter' in XML namespace 'http://schemas.Microsoft.com/winfx/2006/xaml/presentation'
D:\GoldenShark\Projects\OCR_1902\SharedContent\xaml\Styles.xaml(315,10): XamlCompiler error WMC0001: Unknown type 'Setter' in XML namespace 'http://schemas.Microsoft.com/winfx/2006/xaml/presentation'
D:\GoldenShark\Projects\OCR_1902\SharedContent\xaml\Styles.xaml(316,10): XamlCompiler error WMC0001: Unknown type 'Setter' in XML namespace 'http://schemas.Microsoft.com/winfx/2006/xaml/presentation'
D:\GoldenShark\Projects\OCR_1902\SharedContent\xaml\Styles.xaml(317,10): XamlCompiler error WMC0001: Unknown type 'Setter' in XML namespace 'http://schemas.Microsoft.com/winfx/2006/xaml/presentation'
D:\GoldenShark\Projects\OCR_1902\SharedContent\xaml\Styles.xaml(318,10): XamlCompiler error WMC0001: Unknown type 'Setter' in XML namespace 'http://schemas.Microsoft.com/winfx/2006/xaml/presentation'
D:\GoldenShark\Projects\OCR_1902\SharedContent\xaml\Styles.xaml(320,18): XamlCompiler error WMC0001: Unknown type 'ControlTemplate' in XML namespace 'http://schemas.Microsoft.com/winfx/2006/xaml/presentation'
D:\GoldenShark\Projects\OCR_1902\SharedContent\xaml\Styles.xaml(321,22): XamlCompiler error WMC0001: Unknown type 'Border' in XML namespace 'http://schemas.Microsoft.com/winfx/2006/xaml/presentation'
D:\GoldenShark\Projects\OCR_1902\SharedContent\xaml\Styles.xaml(322,25): XamlCompiler error WMC0001: Unknown type 'TemplateBinding' in XML namespace 'http://schemas.Microsoft.com/winfx/2006/xaml/presentation'
D:\GoldenShark\Projects\OCR_1902\SharedContent\xaml\Styles.xaml(323,25): XamlCompiler error WMC0001: Unknown type 'TemplateBinding' in XML namespace 'http://schemas.Microsoft.com/winfx/2006/xaml/presentation'
D:\GoldenShark\Projects\OCR_1902\SharedContent\xaml\Styles.xaml(324,25): XamlCompiler error WMC0001: Unknown type 'TemplateBinding' in XML namespace 'http://schemas.Microsoft.com/winfx/2006/xaml/presentation'
D:\GoldenShark\Projects\OCR_1902\SharedContent\xaml\Styles.xaml(326,30): XamlCompiler error WMC0001: Unknown type 'VisualStateGroup' in XML namespace 'http://schemas.Microsoft.com/winfx/2006/xaml/presentation'
D:\GoldenShark\Projects\OCR_1902\SharedContent\xaml\Styles.xaml(365,30): XamlCompiler error WMC0001: Unknown type 'VisualStateGroup' in XML namespace 'http://schemas.Microsoft.com/winfx/2006/xaml/presentation'
D:\GoldenShark\Projects\OCR_1902\SharedContent\xaml\Styles.xaml(428,30): XamlCompiler error WMC0001: Unknown type 'VisualStateGroup' in XML namespace 'http://schemas.Microsoft.com/winfx/2006/xaml/presentation'
D:\GoldenShark\Projects\OCR_1902\SharedContent\xaml\Styles.xaml(429,34): XamlCompiler error WMC0001: Unknown type 'VisualState' in XML namespace 'http://schemas.Microsoft.com/winfx/2006/xaml/presentation'
D:\GoldenShark\Projects\OCR_1902\SharedContent\xaml\Styles.xaml(441,34): XamlCompiler error WMC0001: Unknown type 'VisualState' in XML namespace 'http://schemas.Microsoft.com/winfx/2006/xaml/presentation'
D:\GoldenShark\Projects\OCR_1902\SharedContent\xaml\Styles.xaml(442,34): XamlCompiler error WMC0001: Unknown type 'VisualState' in XML namespace 'http://schemas.Microsoft.com/winfx/2006/xaml/presentation'
D:\GoldenShark\Projects\OCR_1902\SharedContent\xaml\Styles.xaml(430,38): XamlCompiler error WMC0001: Unknown type 'Storyboard' in XML namespace 'http://schemas.Microsoft.com/winfx/2006/xaml/presentation'
D:\GoldenShark\Projects\OCR_1902\SharedContent\xaml\Styles.xaml(431,42): XamlCompiler error WMC0001: Unknown type 'DoubleAnimation' in XML namespace 'http://schemas.Microsoft.com/winfx/2006/xaml/presentation'
D:\GoldenShark\Projects\OCR_1902\SharedContent\xaml\Styles.xaml(435,42): XamlCompiler error WMC0001: Unknown type 'DoubleAnimation' in XML namespace 'http://schemas.Microsoft.com/winfx/2006/xaml/presentation'
D:\GoldenShark\Projects\OCR_1902\SharedContent\xaml\Styles.xaml(366,34): XamlCompiler error WMC0001: Unknown type 'VisualState' in XML namespace 'http://schemas.Microsoft.com/winfx/2006/xaml/presentation'
D:\GoldenShark\Projects\OCR_1902\SharedContent\xaml\Styles.xaml(367,34): XamlCompiler error WMC0001: Unknown type 'VisualState' in XML namespace 'http://schemas.Microsoft.com/winfx/2006/xaml/presentation'
D:\GoldenShark\Projects\OCR_1902\SharedContent\xaml\Styles.xaml(379,34): XamlCompiler error WMC0001: Unknown type 'VisualState' in XML namespace 'http://schemas.Microsoft.com/winfx/2006/xaml/presentation'
D:\GoldenShark\Projects\OCR_1902\SharedContent\xaml\Styles.xaml(391,34): XamlCompiler error WMC0001: Unknown type 'VisualState' in XML namespace 'http://schemas.Microsoft.com/winfx/2006/xaml/presentation'
D:\GoldenShark\Projects\OCR_1902\SharedContent\xaml\Styles.xaml(403,34): XamlCompiler error WMC0001: Unknown type 'VisualState' in XML namespace 'http://schemas.Microsoft.com/winfx/2006/xaml/presentation'
D:\GoldenShark\Projects\OCR_1902\SharedContent\xaml\Styles.xaml(415,34): XamlCompiler error WMC0001: Unknown type 'VisualState' in XML namespace 'http://schemas.Microsoft.com/winfx/2006/xaml/presentation'
D:\GoldenShark\Projects\OCR_1902\SharedContent\xaml\Styles.xaml(416,38): XamlCompiler error WMC0001: Unknown type 'Storyboard' in XML namespace 'http://schemas.Microsoft.com/winfx/2006/xaml/presentation'
D:\GoldenShark\Projects\OCR_1902\SharedContent\xaml\Styles.xaml(417,42): XamlCompiler error WMC0001: Unknown type 'ObjectAnimationUsingKeyFrames' in XML namespace 'http://schemas.Microsoft.com/winfx/2006/xaml/presentation'
D:\GoldenShark\Projects\OCR_1902\SharedContent\xaml\Styles.xaml(421,42): XamlCompiler error WMC0001: Unknown type 'ObjectAnimationUsingKeyFrames' in XML namespace 'http://schemas.Microsoft.com/winfx/2006/xaml/presentation'
D:\GoldenShark\Projects\OCR_1902\SharedContent\xaml\Styles.xaml(423,46): XamlCompiler error WMC0001: Unknown type 'DiscreteObjectKeyFrame' in XML namespace 'http://schemas.Microsoft.com/winfx/2006/xaml/presentation'
D:\GoldenShark\Projects\OCR_1902\SharedContent\xaml\Styles.xaml(423,81): XamlCompiler error WMC0001: Unknown type 'ThemeResource' in XML namespace 'http://schemas.Microsoft.com/winfx/2006/xaml/presentation'
D:\GoldenShark\Projects\OCR_1902\SharedContent\xaml\Styles.xaml(419,46): XamlCompiler error WMC0001: Unknown type 'DiscreteObjectKeyFrame' in XML namespace 'http://schemas.Microsoft.com/winfx/2006/xaml/presentation'
D:\GoldenShark\Projects\OCR_1902\SharedContent\xaml\Styles.xaml(419,81): XamlCompiler error WMC0001: Unknown type 'ThemeResource' in XML namespace 'http://schemas.Microsoft.com/winfx/2006/xaml/presentation'
D:\GoldenShark\Projects\OCR_1902\SharedContent\xaml\Styles.xaml(404,38): XamlCompiler error WMC0001: Unknown type 'Storyboard' in XML namespace 'http://schemas.Microsoft.com/winfx/2006/xaml/presentation'
D:\GoldenShark\Projects\OCR_1902\SharedContent\xaml\Styles.xaml(405,42): XamlCompiler error WMC0001: Unknown type 'ObjectAnimationUsingKeyFrames' in XML namespace 'http://schemas.Microsoft.com/winfx/2006/xaml/presentation'
D:\GoldenShark\Projects\OCR_1902\SharedContent\xaml\Styles.xaml(409,42): XamlCompiler error WMC0001: Unknown type 'ObjectAnimationUsingKeyFrames' in XML namespace 'http://schemas.Microsoft.com/winfx/2006/xaml/presentation'
D:\GoldenShark\Projects\OCR_1902\SharedContent\xaml\Styles.xaml(411,46): XamlCompiler error WMC0001: Unknown type 'DiscreteObjectKeyFrame' in XML namespace 'http://schemas.Microsoft.com/winfx/2006/xaml/presentation'
D:\GoldenShark\Projects\OCR_1902\SharedContent\xaml\Styles.xaml(411,81): XamlCompiler error WMC0001: Unknown type 'ThemeResource' in XML namespace 'http://schemas.Microsoft.com/winfx/2006/xaml/presentation'
D:\GoldenShark\Projects\OCR_1902\SharedContent\xaml\Styles.xaml(407,46): XamlCompiler error WMC0001: Unknown type 'DiscreteObjectKeyFrame' in XML namespace 'http://schemas.Microsoft.com/winfx/2006/xaml/presentation'
D:\GoldenShark\Projects\OCR_1902\SharedContent\xaml\Styles.xaml(407,81): XamlCompiler error WMC0001: Unknown type 'ThemeResource' in XML namespace 'http://schemas.Microsoft.com/winfx/2006/xaml/presentation'
D:\GoldenShark\Projects\OCR_1902\SharedContent\xaml\Styles.xaml(392,38): XamlCompiler error WMC0001: Unknown type 'Storyboard' in XML namespace 'http://schemas.Microsoft.com/winfx/2006/xaml/presentation'
D:\GoldenShark\Projects\OCR_1902\SharedContent\xaml\Styles.xaml(393,42): XamlCompiler error WMC0001: Unknown type 'ObjectAnimationUsingKeyFrames' in XML namespace 'http://schemas.Microsoft.com/winfx/2006/xaml/presentation'
D:\GoldenShark\Projects\OCR_1902\SharedContent\xaml\Styles.xaml(397,42): XamlCompiler error WMC0001: Unknown type 'ObjectAnimationUsingKeyFrames' in XML namespace 'http://schemas.Microsoft.com/winfx/2006/xaml/presentation'
D:\GoldenShark\Projects\OCR_1902\SharedContent\xaml\Styles.xaml(399,46): XamlCompiler error WMC0001: Unknown type 'DiscreteObjectKeyFrame' in XML namespace 'http://schemas.Microsoft.com/winfx/2006/xaml/presentation'
D:\GoldenShark\Projects\OCR_1902\SharedContent\xaml\Styles.xaml(399,81): XamlCompiler error WMC0001: Unknown type 'ThemeResource' in XML namespace 'http://schemas.Microsoft.com/winfx/2006/xaml/presentation'
D:\GoldenShark\Projects\OCR_1902\SharedContent\xaml\Styles.xaml(395,46): XamlCompiler error WMC0001: Unknown type 'DiscreteObjectKeyFrame' in XML namespace 'http://schemas.Microsoft.com/winfx/2006/xaml/presentation'
D:\GoldenShark\Projects\OCR_1902\SharedContent\xaml\Styles.xaml(395,81): XamlCompiler error WMC0001: Unknown type 'ThemeResource' in XML namespace 'http://schemas.Microsoft.com/winfx/2006/xaml/presentation'
D:\GoldenShark\Projects\OCR_1902\SharedContent\xaml\Styles.xaml(380,38): XamlCompiler error WMC0001: Unknown type 'Storyboard' in XML namespace 'http://schemas.Microsoft.com/winfx/2006/xaml/presentation'
D:\GoldenShark\Projects\OCR_1902\SharedContent\xaml\Styles.xaml(381,42): XamlCompiler error WMC0001: Unknown type 'ObjectAnimationUsingKeyFrames' in XML namespace 'http://schemas.Microsoft.com/winfx/2006/xaml/presentation'
D:\GoldenShark\Projects\OCR_1902\SharedContent\xaml\Styles.xaml(385,42): XamlCompiler error WMC0001: Unknown type 'ObjectAnimationUsingKeyFrames' in XML namespace 'http://schemas.Microsoft.com/winfx/2006/xaml/presentation'
D:\GoldenShark\Projects\OCR_1902\SharedContent\xaml\Styles.xaml(387,46): XamlCompiler error WMC0001: Unknown type 'DiscreteObjectKeyFrame' in XML namespace 'http://schemas.Microsoft.com/winfx/2006/xaml/presentation'
D:\GoldenShark\Projects\OCR_1902\SharedContent\xaml\Styles.xaml(387,81): XamlCompiler error WMC0001: Unknown type 'ThemeResource' in XML namespace 'http://schemas.Microsoft.com/winfx/2006/xaml/presentation'
D:\GoldenShark\Projects\OCR_1902\SharedContent\xaml\Styles.xaml(383,46): XamlCompiler error WMC0001: Unknown type 'DiscreteObjectKeyFrame' in XML namespace 'http://schemas.Microsoft.com/winfx/2006/xaml/presentation'
D:\GoldenShark\Projects\OCR_1902\SharedContent\xaml\Styles.xaml(383,81): XamlCompiler error WMC0001: Unknown type 'ThemeResource' in XML namespace 'http://schemas.Microsoft.com/winfx/2006/xaml/presentation'
D:\GoldenShark\Projects\OCR_1902\SharedContent\xaml\Styles.xaml(368,38): XamlCompiler error WMC0001: Unknown type 'Storyboard' in XML namespace 'http://schemas.Microsoft.com/winfx/2006/xaml/presentation'
D:\GoldenShark\Projects\OCR_1902\SharedContent\xaml\Styles.xaml(369,42): XamlCompiler error WMC0001: Unknown type 'ObjectAnimationUsingKeyFrames' in XML namespace 'http://schemas.Microsoft.com/winfx/2006/xaml/presentation'
D:\GoldenShark\Projects\OCR_1902\SharedContent\xaml\Styles.xaml(373,42): XamlCompiler error WMC0001: Unknown type 'ObjectAnimationUsingKeyFrames' in XML namespace 'http://schemas.Microsoft.com/winfx/2006/xaml/presentation'
D:\GoldenShark\Projects\OCR_1902\SharedContent\xaml\Styles.xaml(375,46): XamlCompiler error WMC0001: Unknown type 'DiscreteObjectKeyFrame' in XML namespace 'http://schemas.Microsoft.com/winfx/2006/xaml/presentation'
D:\GoldenShark\Projects\OCR_1902\SharedContent\xaml\Styles.xaml(375,81): XamlCompiler error WMC0001: Unknown type 'ThemeResource' in XML namespace 'http://schemas.Microsoft.com/winfx/2006/xaml/presentation'
D:\GoldenShark\Projects\OCR_1902\SharedContent\xaml\Styles.xaml(371,46): XamlCompiler error WMC0001: Unknown type 'DiscreteObjectKeyFrame' in XML namespace 'http://schemas.Microsoft.com/winfx/2006/xaml/presentation'
D:\GoldenShark\Projects\OCR_1902\SharedContent\xaml\Styles.xaml(371,81): XamlCompiler error WMC0001: Unknown type 'ThemeResource' in XML namespace 'http://schemas.Microsoft.com/winfx/2006/xaml/presentation'
D:\GoldenShark\Projects\OCR_1902\SharedContent\xaml\Styles.xaml(327,34): XamlCompiler error WMC0001: Unknown type 'VisualState' in XML namespace 'http://schemas.Microsoft.com/winfx/2006/xaml/presentation'
D:\GoldenShark\Projects\OCR_1902\SharedContent\xaml\Styles.xaml(328,34): XamlCompiler error WMC0001: Unknown type 'VisualState' in XML namespace 'http://schemas.Microsoft.com/winfx/2006/xaml/presentation'
D:\GoldenShark\Projects\OCR_1902\SharedContent\xaml\Styles.xaml(340,34): XamlCompiler error WMC0001: Unknown type 'VisualState' in XML namespace 'http://schemas.Microsoft.com/winfx/2006/xaml/presentation'
D:\GoldenShark\Projects\OCR_1902\SharedContent\xaml\Styles.xaml(352,34): XamlCompiler error WMC0001: Unknown type 'VisualState' in XML namespace 'http://schemas.Microsoft.com/winfx/2006/xaml/presentation'
D:\GoldenShark\Projects\OCR_1902\SharedContent\xaml\Styles.xaml(353,38): XamlCompiler error WMC0001: Unknown type 'Storyboard' in XML namespace 'http://schemas.Microsoft.com/winfx/2006/xaml/presentation'
D:\GoldenShark\Projects\OCR_1902\SharedContent\xaml\Styles.xaml(354,42): XamlCompiler error WMC0001: Unknown type 'DoubleAnimation' in XML namespace 'http://schemas.Microsoft.com/winfx/2006/xaml/presentation'
D:\GoldenShark\Projects\OCR_1902\SharedContent\xaml\Styles.xaml(358,42): XamlCompiler error WMC0001: Unknown type 'ObjectAnimationUsingKeyFrames' in XML namespace 'http://schemas.Microsoft.com/winfx/2006/xaml/presentation'
D:\GoldenShark\Projects\OCR_1902\SharedContent\xaml\Styles.xaml(360,46): XamlCompiler error WMC0001: Unknown type 'DiscreteObjectKeyFrame' in XML namespace 'http://schemas.Microsoft.com/winfx/2006/xaml/presentation'
D:\GoldenShark\Projects\OCR_1902\SharedContent\xaml\Styles.xaml(360,81): XamlCompiler error WMC0001: Unknown type 'ThemeResource' in XML namespace 'http://schemas.Microsoft.com/winfx/2006/xaml/presentation'
D:\GoldenShark\Projects\OCR_1902\SharedContent\xaml\Styles.xaml(341,38): XamlCompiler error WMC0001: Unknown type 'Storyboard' in XML namespace 'http://schemas.Microsoft.com/winfx/2006/xaml/presentation'
D:\GoldenShark\Projects\OCR_1902\SharedContent\xaml\Styles.xaml(342,42): XamlCompiler error WMC0001: Unknown type 'ObjectAnimationUsingKeyFrames' in XML namespace 'http://schemas.Microsoft.com/winfx/2006/xaml/presentation'
D:\GoldenShark\Projects\OCR_1902\SharedContent\xaml\Styles.xaml(346,42): XamlCompiler error WMC0001: Unknown type 'ObjectAnimationUsingKeyFrames' in XML namespace 'http://schemas.Microsoft.com/winfx/2006/xaml/presentation'
D:\GoldenShark\Projects\OCR_1902\SharedContent\xaml\Styles.xaml(348,46): XamlCompiler error WMC0001: Unknown type 'DiscreteObjectKeyFrame' in XML namespace 'http://schemas.Microsoft.com/winfx/2006/xaml/presentation'
D:\GoldenShark\Projects\OCR_1902\SharedContent\xaml\Styles.xaml(348,81): XamlCompiler error WMC0001: Unknown type 'ThemeResource' in XML namespace 'http://schemas.Microsoft.com/winfx/2006/xaml/presentation'
D:\GoldenShark\Projects\OCR_1902\SharedContent\xaml\Styles.xaml(344,46): XamlCompiler error WMC0001: Unknown type 'DiscreteObjectKeyFrame' in XML namespace 'http://schemas.Microsoft.com/winfx/2006/xaml/presentation'
D:\GoldenShark\Projects\OCR_1902\SharedContent\xaml\Styles.xaml(329,38): XamlCompiler error WMC0001: Unknown type 'Storyboard' in XML namespace 'http://schemas.Microsoft.com/winfx/2006/xaml/presentation'
D:\GoldenShark\Projects\OCR_1902\SharedContent\xaml\Styles.xaml(330,42): XamlCompiler error WMC0001: Unknown type 'ObjectAnimationUsingKeyFrames' in XML namespace 'http://schemas.Microsoft.com/winfx/2006/xaml/presentation'
D:\GoldenShark\Projects\OCR_1902\SharedContent\xaml\Styles.xaml(334,42): XamlCompiler error WMC0001: Unknown type 'ObjectAnimationUsingKeyFrames' in XML namespace 'http://schemas.Microsoft.com/winfx/2006/xaml/presentation'
D:\GoldenShark\Projects\OCR_1902\SharedContent\xaml\Styles.xaml(336,46): XamlCompiler error WMC0001: Unknown type 'DiscreteObjectKeyFrame' in XML namespace 'http://schemas.Microsoft.com/winfx/2006/xaml/presentation'
D:\GoldenShark\Projects\OCR_1902\SharedContent\xaml\Styles.xaml(336,81): XamlCompiler error WMC0001: Unknown type 'ThemeResource' in XML namespace 'http://schemas.Microsoft.com/winfx/2006/xaml/presentation'
D:\GoldenShark\Projects\OCR_1902\SharedContent\xaml\Styles.xaml(332,46): XamlCompiler error WMC0001: Unknown type 'DiscreteObjectKeyFrame' in XML namespace 'http://schemas.Microsoft.com/winfx/2006/xaml/presentation'
D:\GoldenShark\Projects\OCR_1902\SharedContent\xaml\Styles.xaml(332,81): XamlCompiler error WMC0001: Unknown type 'ThemeResource' in XML namespace 'http://schemas.Microsoft.com/winfx/2006/xaml/presentation'
D:\GoldenShark\Projects\OCR_1902\SharedContent\xaml\Styles.xaml(445,26): XamlCompiler error WMC0001: Unknown type 'Grid' in XML namespace 'http://schemas.Microsoft.com/winfx/2006/xaml/presentation'
D:\GoldenShark\Projects\OCR_1902\SharedContent\xaml\Styles.xaml(447,30): XamlCompiler error WMC0001: Unknown type 'Rectangle' in XML namespace 'http://schemas.Microsoft.com/winfx/2006/xaml/presentation'
D:\GoldenShark\Projects\OCR_1902\SharedContent\xaml\Styles.xaml(450,30): XamlCompiler error WMC0001: Unknown type 'ContentPresenter' in XML namespace 'http://schemas.Microsoft.com/winfx/2006/xaml/presentation'
D:\GoldenShark\Projects\OCR_1902\SharedContent\xaml\Styles.xaml(457,30): XamlCompiler error WMC0001: Unknown type 'Rectangle' in XML namespace 'http://schemas.Microsoft.com/winfx/2006/xaml/presentation'
D:\GoldenShark\Projects\OCR_1902\SharedContent\xaml\Styles.xaml(463,30): XamlCompiler error WMC0001: Unknown type 'Rectangle' in XML namespace 'http://schemas.Microsoft.com/winfx/2006/xaml/presentation'
D:\GoldenShark\Projects\OCR_1902\SharedContent\xaml\Styles.xaml(464,36): XamlCompiler error WMC0001: Unknown type 'ThemeResource' in XML namespace 'http://schemas.Microsoft.com/winfx/2006/xaml/presentation'
D:\GoldenShark\Projects\OCR_1902\SharedContent\xaml\Styles.xaml(458,36): XamlCompiler error WMC0001: Unknown type 'ThemeResource' in XML namespace 'http://schemas.Microsoft.com/winfx/2006/xaml/presentation'
D:\GoldenShark\Projects\OCR_1902\SharedContent\xaml\Styles.xaml(451,43): XamlCompiler error WMC0001: Unknown type 'TemplateBinding' in XML namespace 'http://schemas.Microsoft.com/winfx/2006/xaml/presentation'
D:\GoldenShark\Projects\OCR_1902\SharedContent\xaml\Styles.xaml(452,43): XamlCompiler error WMC0001: Unknown type 'TemplateBinding' in XML namespace 'http://schemas.Microsoft.com/winfx/2006/xaml/presentation'
D:\GoldenShark\Projects\OCR_1902\SharedContent\xaml\Styles.xaml(453,43): XamlCompiler error WMC0001: Unknown type 'TemplateBinding' in XML namespace 'http://schemas.Microsoft.com/winfx/2006/xaml/presentation'
D:\GoldenShark\Projects\OCR_1902\SharedContent\xaml\Styles.xaml(454,43): XamlCompiler error WMC0001: Unknown type 'TemplateBinding' in XML namespace 'http://schemas.Microsoft.com/winfx/2006/xaml/presentation'
D:\GoldenShark\Projects\OCR_1902\SharedContent\xaml\Styles.xaml(455,43): XamlCompiler error WMC0001: Unknown type 'TemplateBinding' in XML namespace 'http://schemas.Microsoft.com/winfx/2006/xaml/presentation'
D:\GoldenShark\Projects\OCR_1902\SharedContent\xaml\Styles.xaml(456,43): XamlCompiler error WMC0001: Unknown type 'TemplateBinding' in XML namespace 'http://schemas.Microsoft.com/winfx/2006/xaml/presentation'
D:\GoldenShark\Projects\OCR_1902\SharedContent\xaml\Styles.xaml(448,36): XamlCompiler error WMC0001: Unknown type 'ThemeResource' in XML namespace 'http://schemas.Microsoft.com/winfx/2006/xaml/presentation'
D:\GoldenShark\Projects\OCR_1902\SharedContent\xaml\Styles.xaml(154,10): XamlCompiler error WMC0001: Unknown type 'Setter' in XML namespace 'http://schemas.Microsoft.com/winfx/2006/xaml/presentation'
D:\GoldenShark\Projects\OCR_1902\SharedContent\xaml\Styles.xaml(155,10): XamlCompiler error WMC0001: Unknown type 'Setter' in XML namespace 'http://schemas.Microsoft.com/winfx/2006/xaml/presentation'
D:\GoldenShark\Projects\OCR_1902\SharedContent\xaml\Styles.xaml(156,10): XamlCompiler error WMC0001: Unknown type 'Setter' in XML namespace 'http://schemas.Microsoft.com/winfx/2006/xaml/presentation'
D:\GoldenShark\Projects\OCR_1902\SharedContent\xaml\Styles.xaml(157,10): XamlCompiler error WMC0001: Unknown type 'Setter' in XML namespace 'http://schemas.Microsoft.com/winfx/2006/xaml/presentation'
D:\GoldenShark\Projects\OCR_1902\SharedContent\xaml\Styles.xaml(158,10): XamlCompiler error WMC0001: Unknown type 'Setter' in XML namespace 'http://schemas.Microsoft.com/winfx/2006/xaml/presentation'
D:\GoldenShark\Projects\OCR_1902\SharedContent\xaml\Styles.xaml(160,18): XamlCompiler error WMC0001: Unknown type 'ControlTemplate' in XML namespace 'http://schemas.Microsoft.com/winfx/2006/xaml/presentation'
D:\GoldenShark\Projects\OCR_1902\SharedContent\xaml\Styles.xaml(161,22): XamlCompiler error WMC0001: Unknown type 'Grid' in XML namespace 'http://schemas.Microsoft.com/winfx/2006/xaml/presentation'
D:\GoldenShark\Projects\OCR_1902\SharedContent\xaml\Styles.xaml(164,25): XamlCompiler error WMC0001: Unknown type 'TemplateBinding' in XML namespace 'http://schemas.Microsoft.com/winfx/2006/xaml/presentation'
D:\GoldenShark\Projects\OCR_1902\SharedContent\xaml\Styles.xaml(165,25): XamlCompiler error WMC0001: Unknown type 'TemplateBinding' in XML namespace 'http://schemas.Microsoft.com/winfx/2006/xaml/presentation'
D:\GoldenShark\Projects\OCR_1902\SharedContent\xaml\Styles.xaml(166,25): XamlCompiler error WMC0001: Unknown type 'TemplateBinding' in XML namespace 'http://schemas.Microsoft.com/winfx/2006/xaml/presentation'
D:\GoldenShark\Projects\OCR_1902\SharedContent\xaml\Styles.xaml(169,30): XamlCompiler error WMC0001: Unknown type 'ScaleTransform' in XML namespace 'http://schemas.Microsoft.com/winfx/2006/xaml/presentation'
D:\GoldenShark\Projects\OCR_1902\SharedContent\xaml\Styles.xaml(172,30): XamlCompiler error WMC0001: Unknown type 'VisualStateGroup' in XML namespace 'http://schemas.Microsoft.com/winfx/2006/xaml/presentation'
D:\GoldenShark\Projects\OCR_1902\SharedContent\xaml\Styles.xaml(260,30): XamlCompiler error WMC0001: Unknown type 'VisualStateGroup' in XML namespace 'http://schemas.Microsoft.com/winfx/2006/xaml/presentation'
D:\GoldenShark\Projects\OCR_1902\SharedContent\xaml\Styles.xaml(271,30): XamlCompiler error WMC0001: Unknown type 'VisualStateGroup' in XML namespace 'http://schemas.Microsoft.com/winfx/2006/xaml/presentation'
D:\GoldenShark\Projects\OCR_1902\SharedContent\xaml\Styles.xaml(272,34): XamlCompiler error WMC0001: Unknown type 'VisualState' in XML namespace 'http://schemas.Microsoft.com/winfx/2006/xaml/presentation'
D:\GoldenShark\Projects\OCR_1902\SharedContent\xaml\Styles.xaml(273,34): XamlCompiler error WMC0001: Unknown type 'VisualState' in XML namespace 'http://schemas.Microsoft.com/winfx/2006/xaml/presentation'
D:\GoldenShark\Projects\OCR_1902\SharedContent\xaml\Styles.xaml(274,38): XamlCompiler error WMC0001: Unknown type 'Storyboard' in XML namespace 'http://schemas.Microsoft.com/winfx/2006/xaml/presentation'
D:\GoldenShark\Projects\OCR_1902\SharedContent\xaml\Styles.xaml(275,42): XamlCompiler error WMC0001: Unknown type 'ObjectAnimationUsingKeyFrames' in XML namespace 'http://schemas.Microsoft.com/winfx/2006/xaml/presentation'
D:\GoldenShark\Projects\OCR_1902\SharedContent\xaml\Styles.xaml(276,46): XamlCompiler error WMC0001: Unknown type 'DiscreteObjectKeyFrame' in XML namespace 'http://schemas.Microsoft.com/winfx/2006/xaml/presentation'
D:\GoldenShark\Projects\OCR_1902\SharedContent\xaml\Styles.xaml(276,81): XamlCompiler error WMC0001: Unknown type 'ThemeResource' in XML namespace 'http://schemas.Microsoft.com/winfx/2006/xaml/presentation'
D:\GoldenShark\Projects\OCR_1902\SharedContent\xaml\Styles.xaml(261,34): XamlCompiler error WMC0001: Unknown type 'VisualState' in XML namespace 'http://schemas.Microsoft.com/winfx/2006/xaml/presentation'
D:\GoldenShark\Projects\OCR_1902\SharedContent\xaml\Styles.xaml(262,34): XamlCompiler error WMC0001: Unknown type 'VisualState' in XML namespace 'http://schemas.Microsoft.com/winfx/2006/xaml/presentation'
D:\GoldenShark\Projects\OCR_1902\SharedContent\xaml\Styles.xaml(263,38): XamlCompiler error WMC0001: Unknown type 'Storyboard' in XML namespace 'http://schemas.Microsoft.com/winfx/2006/xaml/presentation'
D:\GoldenShark\Projects\OCR_1902\SharedContent\xaml\Styles.xaml(264,42): XamlCompiler error WMC0001: Unknown type 'DoubleAnimation' in XML namespace 'http://schemas.Microsoft.com/winfx/2006/xaml/presentation'
D:\GoldenShark\Projects\OCR_1902\SharedContent\xaml\Styles.xaml(267,58): XamlCompiler error WMC0001: Unknown type 'ThemeResource' in XML namespace 'http://schemas.Microsoft.com/winfx/2006/xaml/presentation'
D:\GoldenShark\Projects\OCR_1902\SharedContent\xaml\Styles.xaml(173,34): XamlCompiler error WMC0001: Unknown type 'VisualState' in XML namespace 'http://schemas.Microsoft.com/winfx/2006/xaml/presentation'
D:\GoldenShark\Projects\OCR_1902\SharedContent\xaml\Styles.xaml(178,34): XamlCompiler error WMC0001: Unknown type 'VisualState' in XML namespace 'http://schemas.Microsoft.com/winfx/2006/xaml/presentation'
D:\GoldenShark\Projects\OCR_1902\SharedContent\xaml\Styles.xaml(190,34): XamlCompiler error WMC0001: Unknown type 'VisualState' in XML namespace 'http://schemas.Microsoft.com/winfx/2006/xaml/presentation'
D:\GoldenShark\Projects\OCR_1902\SharedContent\xaml\Styles.xaml(202,34): XamlCompiler error WMC0001: Unknown type 'VisualState' in XML namespace 'http://schemas.Microsoft.com/winfx/2006/xaml/presentation'
D:\GoldenShark\Projects\OCR_1902\SharedContent\xaml\Styles.xaml(221,34): XamlCompiler error WMC0001: Unknown type 'VisualState' in XML namespace 'http://schemas.Microsoft.com/winfx/2006/xaml/presentation'
D:\GoldenShark\Projects\OCR_1902\SharedContent\xaml\Styles.xaml(240,34): XamlCompiler error WMC0001: Unknown type 'VisualState' in XML namespace 'http://schemas.Microsoft.com/winfx/2006/xaml/presentation'
D:\GoldenShark\Projects\OCR_1902\SharedContent\xaml\Styles.xaml(241,38): XamlCompiler error WMC0001: Unknown type 'Storyboard' in XML namespace 'http://schemas.Microsoft.com/winfx/2006/xaml/presentation'
D:\GoldenShark\Projects\OCR_1902\SharedContent\xaml\Styles.xaml(242,42): XamlCompiler error WMC0001: Unknown type 'DoubleAnimation' in XML namespace 'http://schemas.Microsoft.com/winfx/2006/xaml/presentation'
D:\GoldenShark\Projects\OCR_1902\SharedContent\xaml\Styles.xaml(246,42): XamlCompiler error WMC0001: Unknown type 'DoubleAnimation' in XML namespace 'http://schemas.Microsoft.com/winfx/2006/xaml/presentation'
D:\GoldenShark\Projects\OCR_1902\SharedContent\xaml\Styles.xaml(250,42): XamlCompiler error WMC0001: Unknown type 'ObjectAnimationUsingKeyFrames' in XML namespace 'http://schemas.Microsoft.com/winfx/2006/xaml/presentation'
D:\GoldenShark\Projects\OCR_1902\SharedContent\xaml\Styles.xaml(253,42): XamlCompiler error WMC0001: Unknown type 'ObjectAnimationUsingKeyFrames' in XML namespace 'http://schemas.Microsoft.com/winfx/2006/xaml/presentation'
D:\GoldenShark\Projects\OCR_1902\SharedContent\xaml\Styles.xaml(256,42): XamlCompiler error WMC0001: Unknown type 'PointerDownThemeAnimation' in XML namespace 'http://schemas.Microsoft.com/winfx/2006/xaml/presentation'
D:\GoldenShark\Projects\OCR_1902\SharedContent\xaml\Styles.xaml(254,46): XamlCompiler error WMC0001: Unknown type 'DiscreteObjectKeyFrame' in XML namespace 'http://schemas.Microsoft.com/winfx/2006/xaml/presentation'
D:\GoldenShark\Projects\OCR_1902\SharedContent\xaml\Styles.xaml(254,81): XamlCompiler error WMC0001: Unknown type 'ThemeResource' in XML namespace 'http://schemas.Microsoft.com/winfx/2006/xaml/presentation'
D:\GoldenShark\Projects\OCR_1902\SharedContent\xaml\Styles.xaml(251,46): XamlCompiler error WMC0001: Unknown type 'DiscreteObjectKeyFrame' in XML namespace 'http://schemas.Microsoft.com/winfx/2006/xaml/presentation'
D:\GoldenShark\Projects\OCR_1902\SharedContent\xaml\Styles.xaml(251,81): XamlCompiler error WMC0001: Unknown type 'ThemeResource' in XML namespace 'http://schemas.Microsoft.com/winfx/2006/xaml/presentation'
D:\GoldenShark\Projects\OCR_1902\SharedContent\xaml\Styles.xaml(222,38): XamlCompiler error WMC0001: Unknown type 'Storyboard' in XML namespace 'http://schemas.Microsoft.com/winfx/2006/xaml/presentation'
D:\GoldenShark\Projects\OCR_1902\SharedContent\xaml\Styles.xaml(223,42): XamlCompiler error WMC0001: Unknown type 'DoubleAnimation' in XML namespace 'http://schemas.Microsoft.com/winfx/2006/xaml/presentation'
D:\GoldenShark\Projects\OCR_1902\SharedContent\xaml\Styles.xaml(227,42): XamlCompiler error WMC0001: Unknown type 'DoubleAnimation' in XML namespace 'http://schemas.Microsoft.com/winfx/2006/xaml/presentation'
D:\GoldenShark\Projects\OCR_1902\SharedContent\xaml\Styles.xaml(231,42): XamlCompiler error WMC0001: Unknown type 'ObjectAnimationUsingKeyFrames' in XML namespace 'http://schemas.Microsoft.com/winfx/2006/xaml/presentation'
D:\GoldenShark\Projects\OCR_1902\SharedContent\xaml\Styles.xaml(234,42): XamlCompiler error WMC0001: Unknown type 'ObjectAnimationUsingKeyFrames' in XML namespace 'http://schemas.Microsoft.com/winfx/2006/xaml/presentation'
D:\GoldenShark\Projects\OCR_1902\SharedContent\xaml\Styles.xaml(237,42): XamlCompiler error WMC0001: Unknown type 'PointerUpThemeAnimation' in XML namespace 'http://schemas.Microsoft.com/winfx/2006/xaml/presentation'
D:\GoldenShark\Projects\OCR_1902\SharedContent\xaml\Styles.xaml(235,46): XamlCompiler error WMC0001: Unknown type 'DiscreteObjectKeyFrame' in XML namespace 'http://schemas.Microsoft.com/winfx/2006/xaml/presentation'
D:\GoldenShark\Projects\OCR_1902\SharedContent\xaml\Styles.xaml(235,81): XamlCompiler error WMC0001: Unknown type 'ThemeResource' in XML namespace 'http://schemas.Microsoft.com/winfx/2006/xaml/presentation'
D:\GoldenShark\Projects\OCR_1902\SharedContent\xaml\Styles.xaml(232,46): XamlCompiler error WMC0001: Unknown type 'DiscreteObjectKeyFrame' in XML namespace 'http://schemas.Microsoft.com/winfx/2006/xaml/presentation'
D:\GoldenShark\Projects\OCR_1902\SharedContent\xaml\Styles.xaml(232,81): XamlCompiler error WMC0001: Unknown type 'ThemeResource' in XML namespace 'http://schemas.Microsoft.com/winfx/2006/xaml/presentation'
D:\GoldenShark\Projects\OCR_1902\SharedContent\xaml\Styles.xaml(203,38): XamlCompiler error WMC0001: Unknown type 'Storyboard' in XML namespace 'http://schemas.Microsoft.com/winfx/2006/xaml/presentation'
D:\GoldenShark\Projects\OCR_1902\SharedContent\xaml\Styles.xaml(204,42): XamlCompiler error WMC0001: Unknown type 'DoubleAnimation' in XML namespace 'http://schemas.Microsoft.com/winfx/2006/xaml/presentation'
D:\GoldenShark\Projects\OCR_1902\SharedContent\xaml\Styles.xaml(208,42): XamlCompiler error WMC0001: Unknown type 'DoubleAnimation' in XML namespace 'http://schemas.Microsoft.com/winfx/2006/xaml/presentation'
D:\GoldenShark\Projects\OCR_1902\SharedContent\xaml\Styles.xaml(212,42): XamlCompiler error WMC0001: Unknown type 'ObjectAnimationUsingKeyFrames' in XML namespace 'http://schemas.Microsoft.com/winfx/2006/xaml/presentation'
D:\GoldenShark\Projects\OCR_1902\SharedContent\xaml\Styles.xaml(215,42): XamlCompiler error WMC0001: Unknown type 'ObjectAnimationUsingKeyFrames' in XML namespace 'http://schemas.Microsoft.com/winfx/2006/xaml/presentation'
D:\GoldenShark\Projects\OCR_1902\SharedContent\xaml\Styles.xaml(218,42): XamlCompiler error WMC0001: Unknown type 'PointerUpThemeAnimation' in XML namespace 'http://schemas.Microsoft.com/winfx/2006/xaml/presentation'
D:\GoldenShark\Projects\OCR_1902\SharedContent\xaml\Styles.xaml(216,46): XamlCompiler error WMC0001: Unknown type 'DiscreteObjectKeyFrame' in XML namespace 'http://schemas.Microsoft.com/winfx/2006/xaml/presentation'
D:\GoldenShark\Projects\OCR_1902\SharedContent\xaml\Styles.xaml(216,81): XamlCompiler error WMC0001: Unknown type 'ThemeResource' in XML namespace 'http://schemas.Microsoft.com/winfx/2006/xaml/presentation'
D:\GoldenShark\Projects\OCR_1902\SharedContent\xaml\Styles.xaml(213,46): XamlCompiler error WMC0001: Unknown type 'DiscreteObjectKeyFrame' in XML namespace 'http://schemas.Microsoft.com/winfx/2006/xaml/presentation'
D:\GoldenShark\Projects\OCR_1902\SharedContent\xaml\Styles.xaml(191,38): XamlCompiler error WMC0001: Unknown type 'Storyboard' in XML namespace 'http://schemas.Microsoft.com/winfx/2006/xaml/presentation'
D:\GoldenShark\Projects\OCR_1902\SharedContent\xaml\Styles.xaml(192,42): XamlCompiler error WMC0001: Unknown type 'DoubleAnimation' in XML namespace 'http://schemas.Microsoft.com/winfx/2006/xaml/presentation'
D:\GoldenShark\Projects\OCR_1902\SharedContent\xaml\Styles.xaml(196,42): XamlCompiler error WMC0001: Unknown type 'ObjectAnimationUsingKeyFrames' in XML namespace 'http://schemas.Microsoft.com/winfx/2006/xaml/presentation'
D:\GoldenShark\Projects\OCR_1902\SharedContent\xaml\Styles.xaml(199,42): XamlCompiler error WMC0001: Unknown type 'PointerDownThemeAnimation' in XML namespace 'http://schemas.Microsoft.com/winfx/2006/xaml/presentation'
D:\GoldenShark\Projects\OCR_1902\SharedContent\xaml\Styles.xaml(197,46): XamlCompiler error WMC0001: Unknown type 'DiscreteObjectKeyFrame' in XML namespace 'http://schemas.Microsoft.com/winfx/2006/xaml/presentation'
D:\GoldenShark\Projects\OCR_1902\SharedContent\xaml\Styles.xaml(197,81): XamlCompiler error WMC0001: Unknown type 'ThemeResource' in XML namespace 'http://schemas.Microsoft.com/winfx/2006/xaml/presentation'
D:\GoldenShark\Projects\OCR_1902\SharedContent\xaml\Styles.xaml(179,38): XamlCompiler error WMC0001: Unknown type 'Storyboard' in XML namespace 'http://schemas.Microsoft.com/winfx/2006/xaml/presentation'
D:\GoldenShark\Projects\OCR_1902\SharedContent\xaml\Styles.xaml(180,42): XamlCompiler error WMC0001: Unknown type 'DoubleAnimation' in XML namespace 'http://schemas.Microsoft.com/winfx/2006/xaml/presentation'
D:\GoldenShark\Projects\OCR_1902\SharedContent\xaml\Styles.xaml(184,42): XamlCompiler error WMC0001: Unknown type 'ObjectAnimationUsingKeyFrames' in XML namespace 'http://schemas.Microsoft.com/winfx/2006/xaml/presentation'
D:\GoldenShark\Projects\OCR_1902\SharedContent\xaml\Styles.xaml(187,42): XamlCompiler error WMC0001: Unknown type 'PointerUpThemeAnimation' in XML namespace 'http://schemas.Microsoft.com/winfx/2006/xaml/presentation'
D:\GoldenShark\Projects\OCR_1902\SharedContent\xaml\Styles.xaml(185,46): XamlCompiler error WMC0001: Unknown type 'DiscreteObjectKeyFrame' in XML namespace 'http://schemas.Microsoft.com/winfx/2006/xaml/presentation'
D:\GoldenShark\Projects\OCR_1902\SharedContent\xaml\Styles.xaml(185,81): XamlCompiler error WMC0001: Unknown type 'ThemeResource' in XML namespace 'http://schemas.Microsoft.com/winfx/2006/xaml/presentation'
D:\GoldenShark\Projects\OCR_1902\SharedContent\xaml\Styles.xaml(174,38): XamlCompiler error WMC0001: Unknown type 'Storyboard' in XML namespace 'http://schemas.Microsoft.com/winfx/2006/xaml/presentation'
D:\GoldenShark\Projects\OCR_1902\SharedContent\xaml\Styles.xaml(175,42): XamlCompiler error WMC0001: Unknown type 'PointerUpThemeAnimation' in XML namespace 'http://schemas.Microsoft.com/winfx/2006/xaml/presentation'
D:\GoldenShark\Projects\OCR_1902\SharedContent\xaml\Styles.xaml(282,26): XamlCompiler error WMC0001: Unknown type 'Rectangle' in XML namespace 'http://schemas.Microsoft.com/winfx/2006/xaml/presentation'
D:\GoldenShark\Projects\OCR_1902\SharedContent\xaml\Styles.xaml(287,26): XamlCompiler error WMC0001: Unknown type 'Rectangle' in XML namespace 'http://schemas.Microsoft.com/winfx/2006/xaml/presentation'
D:\GoldenShark\Projects\OCR_1902\SharedContent\xaml\Styles.xaml(292,26): XamlCompiler error WMC0001: Unknown type 'Rectangle' in XML namespace 'http://schemas.Microsoft.com/winfx/2006/xaml/presentation'
D:\GoldenShark\Projects\OCR_1902\SharedContent\xaml\Styles.xaml(299,26): XamlCompiler error WMC0001: Unknown type 'ContentPresenter' in XML namespace 'http://schemas.Microsoft.com/winfx/2006/xaml/presentation'
D:\GoldenShark\Projects\OCR_1902\SharedContent\xaml\Styles.xaml(300,29): XamlCompiler error WMC0001: Unknown type 'TemplateBinding' in XML namespace 'http://schemas.Microsoft.com/winfx/2006/xaml/presentation'
D:\GoldenShark\Projects\OCR_1902\SharedContent\xaml\Styles.xaml(301,29): XamlCompiler error WMC0001: Unknown type 'TemplateBinding' in XML namespace 'http://schemas.Microsoft.com/winfx/2006/xaml/presentation'
D:\GoldenShark\Projects\OCR_1902\SharedContent\xaml\Styles.xaml(302,29): XamlCompiler error WMC0001: Unknown type 'TemplateBinding' in XML namespace 'http://schemas.Microsoft.com/winfx/2006/xaml/presentation'
D:\GoldenShark\Projects\OCR_1902\SharedContent\xaml\Styles.xaml(303,29): XamlCompiler error WMC0001: Unknown type 'TemplateBinding' in XML namespace 'http://schemas.Microsoft.com/winfx/2006/xaml/presentation'
D:\GoldenShark\Projects\OCR_1902\SharedContent\xaml\Styles.xaml(304,29): XamlCompiler error WMC0001: Unknown type 'TemplateBinding' in XML namespace 'http://schemas.Microsoft.com/winfx/2006/xaml/presentation'
D:\GoldenShark\Projects\OCR_1902\SharedContent\xaml\Styles.xaml(296,29): XamlCompiler error WMC0001: Unknown type 'ThemeResource' in XML namespace 'http://schemas.Microsoft.com/winfx/2006/xaml/presentation'
D:\GoldenShark\Projects\OCR_1902\SharedContent\xaml\Styles.xaml(154,37): XamlCompiler error WMC0001: Unknown type 'StaticResource' in XML namespace 'http://schemas.Microsoft.com/winfx/2006/xaml/presentation'
D:\GoldenShark\Projects\OCR_1902\SharedContent\xaml\Styles.xaml(148,10): XamlCompiler error WMC0001: Unknown type 'Setter' in XML namespace 'http://schemas.Microsoft.com/winfx/2006/xaml/presentation'
D:\GoldenShark\Projects\OCR_1902\SharedContent\xaml\Styles.xaml(149,10): XamlCompiler error WMC0001: Unknown type 'Setter' in XML namespace 'http://schemas.Microsoft.com/winfx/2006/xaml/presentation'
D:\GoldenShark\Projects\OCR_1902\SharedContent\xaml\Styles.xaml(150,10): XamlCompiler error WMC0001: Unknown type 'Setter' in XML namespace 'http://schemas.Microsoft.com/winfx/2006/xaml/presentation'
D:\GoldenShark\Projects\OCR_1902\SharedContent\xaml\Styles.xaml(149,39): XamlCompiler error WMC0001: Unknown type 'ThemeResource' in XML namespace 'http://schemas.Microsoft.com/winfx/2006/xaml/presentation'
D:\GoldenShark\Projects\OCR_1902\SharedContent\xaml\Styles.xaml(142,58): XamlCompiler error WMC0001: Unknown type 'StaticResource' in XML namespace 'http://schemas.Microsoft.com/winfx/2006/xaml/presentation'
D:\GoldenShark\Projects\OCR_1902\SharedContent\xaml\Styles.xaml(143,10): XamlCompiler error WMC0001: Unknown type 'Setter' in XML namespace 'http://schemas.Microsoft.com/winfx/2006/xaml/presentation'
D:\GoldenShark\Projects\OCR_1902\SharedContent\xaml\Styles.xaml(144,10): XamlCompiler error WMC0001: Unknown type 'Setter' in XML namespace 'http://schemas.Microsoft.com/winfx/2006/xaml/presentation'
D:\GoldenShark\Projects\OCR_1902\SharedContent\xaml\Styles.xaml(144,39): XamlCompiler error WMC0001: Unknown type 'ThemeResource' in XML namespace 'http://schemas.Microsoft.com/winfx/2006/xaml/presentation'
D:\GoldenShark\Projects\OCR_1902\SharedContent\xaml\Styles.xaml(138,60): XamlCompiler error WMC0001: Unknown type 'StaticResource' in XML namespace 'http://schemas.Microsoft.com/winfx/2006/xaml/presentation'
D:\GoldenShark\Projects\OCR_1902\SharedContent\xaml\Styles.xaml(139,10): XamlCompiler error WMC0001: Unknown type 'Setter' in XML namespace 'http://schemas.Microsoft.com/winfx/2006/xaml/presentation'
D:\GoldenShark\Projects\OCR_1902\SharedContent\xaml\Styles.xaml(135,72): XamlCompiler error WMC0001: Unknown type 'StaticResource' in XML namespace 'http://schemas.Microsoft.com/winfx/2006/xaml/presentation'
D:\GoldenShark\Projects\OCR_1902\SharedContent\xaml\Styles.xaml(132,67): XamlCompiler error WMC0001: Unknown type 'StaticResource' in XML namespace 'http://schemas.Microsoft.com/winfx/2006/xaml/presentation'
D:\GoldenShark\Projects\OCR_1902\SharedContent\xaml\Styles.xaml(128,62): XamlCompiler error WMC0001: Unknown type 'StaticResource' in XML namespace 'http://schemas.Microsoft.com/winfx/2006/xaml/presentation'
D:\GoldenShark\Projects\OCR_1902\SharedContent\xaml\Styles.xaml(129,10): XamlCompiler error WMC0001: Unknown type 'Setter' in XML namespace 'http://schemas.Microsoft.com/winfx/2006/xaml/presentation'
D:\GoldenShark\Projects\OCR_1902\SharedContent\xaml\Styles.xaml(122,61): XamlCompiler error WMC0001: Unknown type 'StaticResource' in XML namespace 'http://schemas.Microsoft.com/winfx/2006/xaml/presentation'
D:\GoldenShark\Projects\OCR_1902\SharedContent\xaml\Styles.xaml(123,10): XamlCompiler error WMC0001: Unknown type 'Setter' in XML namespace 'http://schemas.Microsoft.com/winfx/2006/xaml/presentation'
D:\GoldenShark\Projects\OCR_1902\SharedContent\xaml\Styles.xaml(124,10): XamlCompiler error WMC0001: Unknown type 'Setter' in XML namespace 'http://schemas.Microsoft.com/winfx/2006/xaml/presentation'
D:\GoldenShark\Projects\OCR_1902\SharedContent\xaml\Styles.xaml(125,10): XamlCompiler error WMC0001: Unknown type 'Setter' in XML namespace 'http://schemas.Microsoft.com/winfx/2006/xaml/presentation'
D:\GoldenShark\Projects\OCR_1902\SharedContent\xaml\Styles.xaml(125,39): XamlCompiler error WMC0001: Unknown type 'StaticResource' in XML namespace 'http://schemas.Microsoft.com/winfx/2006/xaml/presentation'
D:\GoldenShark\Projects\OCR_1902\SharedContent\xaml\Styles.xaml(118,65): XamlCompiler error WMC0001: Unknown type 'StaticResource' in XML namespace 'http://schemas.Microsoft.com/winfx/2006/xaml/presentation'
D:\GoldenShark\Projects\OCR_1902\SharedContent\xaml\Styles.xaml(119,10): XamlCompiler error WMC0001: Unknown type 'Setter' in XML namespace 'http://schemas.Microsoft.com/winfx/2006/xaml/presentation'
D:\GoldenShark\Projects\OCR_1902\SharedContent\xaml\Styles.xaml(115,60): XamlCompiler error WMC0001: Unknown type 'StaticResource' in XML namespace 'http://schemas.Microsoft.com/winfx/2006/xaml/presentation'
D:\GoldenShark\Projects\OCR_1902\SharedContent\xaml\Styles.xaml(111,58): XamlCompiler error WMC0001: Unknown type 'StaticResource' in XML namespace 'http://schemas.Microsoft.com/winfx/2006/xaml/presentation'
D:\GoldenShark\Projects\OCR_1902\SharedContent\xaml\Styles.xaml(112,10): XamlCompiler error WMC0001: Unknown type 'Setter' in XML namespace 'http://schemas.Microsoft.com/winfx/2006/xaml/presentation'
D:\GoldenShark\Projects\OCR_1902\SharedContent\xaml\Styles.xaml(19,10): XamlCompiler error WMC0001: Unknown type 'Setter' in XML namespace 'http://schemas.Microsoft.com/winfx/2006/xaml/presentation'
D:\GoldenShark\Projects\OCR_1902\SharedContent\xaml\Styles.xaml(20,10): XamlCompiler error WMC0001: Unknown type 'Setter' in XML namespace 'http://schemas.Microsoft.com/winfx/2006/xaml/presentation'
D:\GoldenShark\Projects\OCR_1902\SharedContent\xaml\Styles.xaml(21,10): XamlCompiler error WMC0001: Unknown type 'Setter' in XML namespace 'http://schemas.Microsoft.com/winfx/2006/xaml/presentation'
D:\GoldenShark\Projects\OCR_1902\SharedContent\xaml\Styles.xaml(22,10): XamlCompiler error WMC0001: Unknown type 'Setter' in XML namespace 'http://schemas.Microsoft.com/winfx/2006/xaml/presentation'
D:\GoldenShark\Projects\OCR_1902\SharedContent\xaml\Styles.xaml(23,10): XamlCompiler error WMC0001: Unknown type 'Setter' in XML namespace 'http://schemas.Microsoft.com/winfx/2006/xaml/presentation'
D:\GoldenShark\Projects\OCR_1902\SharedContent\xaml\Styles.xaml(24,10): XamlCompiler error WMC0001: Unknown type 'Setter' in XML namespace 'http://schemas.Microsoft.com/winfx/2006/xaml/presentation'
D:\GoldenShark\Projects\OCR_1902\SharedContent\xaml\Styles.xaml(25,10): XamlCompiler error WMC0001: Unknown type 'Setter' in XML namespace 'http://schemas.Microsoft.com/winfx/2006/xaml/presentation'
D:\GoldenShark\Projects\OCR_1902\SharedContent\xaml\Styles.xaml(26,10): XamlCompiler error WMC0001: Unknown type 'Setter' in XML namespace 'http://schemas.Microsoft.com/winfx/2006/xaml/presentation'
D:\GoldenShark\Projects\OCR_1902\SharedContent\xaml\Styles.xaml(27,10): XamlCompiler error WMC0001: Unknown type 'Setter' in XML namespace 'http://schemas.Microsoft.com/winfx/2006/xaml/presentation'
D:\GoldenShark\Projects\OCR_1902\SharedContent\xaml\Styles.xaml(28,10): XamlCompiler error WMC0001: Unknown type 'Setter' in XML namespace 'http://schemas.Microsoft.com/winfx/2006/xaml/presentation'
D:\GoldenShark\Projects\OCR_1902\SharedContent\xaml\Styles.xaml(29,10): XamlCompiler error WMC0001: Unknown type 'Setter' in XML namespace 'http://schemas.Microsoft.com/winfx/2006/xaml/presentation'
D:\GoldenShark\Projects\OCR_1902\SharedContent\xaml\Styles.xaml(30,10): XamlCompiler error WMC0001: Unknown type 'Setter' in XML namespace 'http://schemas.Microsoft.com/winfx/2006/xaml/presentation'
D:\GoldenShark\Projects\OCR_1902\SharedContent\xaml\Styles.xaml(31,10): XamlCompiler error WMC0001: Unknown type 'Setter' in XML namespace 'http://schemas.Microsoft.com/winfx/2006/xaml/presentation'
D:\GoldenShark\Projects\OCR_1902\SharedContent\xaml\Styles.xaml(32,10): XamlCompiler error WMC0001: Unknown type 'Setter' in XML namespace 'http://schemas.Microsoft.com/winfx/2006/xaml/presentation'
D:\GoldenShark\Projects\OCR_1902\SharedContent\xaml\Styles.xaml(33,10): XamlCompiler error WMC0001: Unknown type 'Setter' in XML namespace 'http://schemas.Microsoft.com/winfx/2006/xaml/presentation'
D:\GoldenShark\Projects\OCR_1902\SharedContent\xaml\Styles.xaml(34,10): XamlCompiler error WMC0001: Unknown type 'Setter' in XML namespace 'http://schemas.Microsoft.com/winfx/2006/xaml/presentation'
D:\GoldenShark\Projects\OCR_1902\SharedContent\xaml\Styles.xaml(36,18): XamlCompiler error WMC0001: Unknown type 'ControlTemplate' in XML namespace 'http://schemas.Microsoft.com/winfx/2006/xaml/presentation'
D:\GoldenShark\Projects\OCR_1902\SharedContent\xaml\Styles.xaml(37,22): XamlCompiler error WMC0001: Unknown type 'Grid' in XML namespace 'http://schemas.Microsoft.com/winfx/2006/xaml/presentation'
D:\GoldenShark\Projects\OCR_1902\SharedContent\xaml\Styles.xaml(38,27): XamlCompiler error WMC0001: Unknown type 'TemplateBinding' in XML namespace 'http://schemas.Microsoft.com/winfx/2006/xaml/presentation'
D:\GoldenShark\Projects\OCR_1902\SharedContent\xaml\Styles.xaml(40,30): XamlCompiler error WMC0001: Unknown type 'VisualStateGroup' in XML namespace 'http://schemas.Microsoft.com/winfx/2006/xaml/presentation'
D:\GoldenShark\Projects\OCR_1902\SharedContent\xaml\Styles.xaml(41,34): XamlCompiler error WMC0001: Unknown type 'VisualState' in XML namespace 'http://schemas.Microsoft.com/winfx/2006/xaml/presentation'
D:\GoldenShark\Projects\OCR_1902\SharedContent\xaml\Styles.xaml(42,34): XamlCompiler error WMC0001: Unknown type 'VisualState' in XML namespace 'http://schemas.Microsoft.com/winfx/2006/xaml/presentation'
D:\GoldenShark\Projects\OCR_1902\SharedContent\xaml\Styles.xaml(52,34): XamlCompiler error WMC0001: Unknown type 'VisualState' in XML namespace 'http://schemas.Microsoft.com/winfx/2006/xaml/presentation'
D:\GoldenShark\Projects\OCR_1902\SharedContent\xaml\Styles.xaml(62,34): XamlCompiler error WMC0001: Unknown type 'VisualState' in XML namespace 'http://schemas.Microsoft.com/winfx/2006/xaml/presentation'
D:\GoldenShark\Projects\OCR_1902\SharedContent\xaml\Styles.xaml(69,34): XamlCompiler error WMC0001: Unknown type 'VisualState' in XML namespace 'http://schemas.Microsoft.com/winfx/2006/xaml/presentation'
D:\GoldenShark\Projects\OCR_1902\SharedContent\xaml\Styles.xaml(70,34): XamlCompiler error WMC0001: Unknown type 'VisualState' in XML namespace 'http://schemas.Microsoft.com/winfx/2006/xaml/presentation'
D:\GoldenShark\Projects\OCR_1902\SharedContent\xaml\Styles.xaml(80,34): XamlCompiler error WMC0001: Unknown type 'VisualState' in XML namespace 'http://schemas.Microsoft.com/winfx/2006/xaml/presentation'
D:\GoldenShark\Projects\OCR_1902\SharedContent\xaml\Styles.xaml(90,34): XamlCompiler error WMC0001: Unknown type 'VisualState' in XML namespace 'http://schemas.Microsoft.com/winfx/2006/xaml/presentation'
D:\GoldenShark\Projects\OCR_1902\SharedContent\xaml\Styles.xaml(91,38): XamlCompiler error WMC0001: Unknown type 'Storyboard' in XML namespace 'http://schemas.Microsoft.com/winfx/2006/xaml/presentation'
D:\GoldenShark\Projects\OCR_1902\SharedContent\xaml\Styles.xaml(92,42): XamlCompiler error WMC0001: Unknown type 'ObjectAnimationUsingKeyFrames' in XML namespace 'http://schemas.Microsoft.com/winfx/2006/xaml/presentation'
D:\GoldenShark\Projects\OCR_1902\SharedContent\xaml\Styles.xaml(93,46): XamlCompiler error WMC0001: Unknown type 'DiscreteObjectKeyFrame' in XML namespace 'http://schemas.Microsoft.com/winfx/2006/xaml/presentation'
D:\GoldenShark\Projects\OCR_1902\SharedContent\xaml\Styles.xaml(93,81): XamlCompiler error WMC0001: Unknown type 'ThemeResource' in XML namespace 'http://schemas.Microsoft.com/winfx/2006/xaml/presentation'
D:\GoldenShark\Projects\OCR_1902\SharedContent\xaml\Styles.xaml(81,38): XamlCompiler error WMC0001: Unknown type 'Storyboard' in XML namespace 'http://schemas.Microsoft.com/winfx/2006/xaml/presentation'
D:\GoldenShark\Projects\OCR_1902\SharedContent\xaml\Styles.xaml(82,42): XamlCompiler error WMC0001: Unknown type 'ObjectAnimationUsingKeyFrames' in XML namespace 'http://schemas.Microsoft.com/winfx/2006/xaml/presentation'
D:\GoldenShark\Projects\OCR_1902\SharedContent\xaml\Styles.xaml(85,42): XamlCompiler error WMC0001: Unknown type 'ObjectAnimationUsingKeyFrames' in XML namespace 'http://schemas.Microsoft.com/winfx/2006/xaml/presentation'
D:\GoldenShark\Projects\OCR_1902\SharedContent\xaml\Styles.xaml(86,46): XamlCompiler error WMC0001: Unknown type 'DiscreteObjectKeyFrame' in XML namespace 'http://schemas.Microsoft.com/winfx/2006/xaml/presentation'
D:\GoldenShark\Projects\OCR_1902\SharedContent\xaml\Styles.xaml(86,81): XamlCompiler error WMC0001: Unknown type 'ThemeResource' in XML namespace 'http://schemas.Microsoft.com/winfx/2006/xaml/presentation'
D:\GoldenShark\Projects\OCR_1902\SharedContent\xaml\Styles.xaml(83,46): XamlCompiler error WMC0001: Unknown type 'DiscreteObjectKeyFrame' in XML namespace 'http://schemas.Microsoft.com/winfx/2006/xaml/presentation'
D:\GoldenShark\Projects\OCR_1902\SharedContent\xaml\Styles.xaml(83,81): XamlCompiler error WMC0001: Unknown type 'ThemeResource' in XML namespace 'http://schemas.Microsoft.com/winfx/2006/xaml/presentation'
D:\GoldenShark\Projects\OCR_1902\SharedContent\xaml\Styles.xaml(71,38): XamlCompiler error WMC0001: Unknown type 'Storyboard' in XML namespace 'http://schemas.Microsoft.com/winfx/2006/xaml/presentation'
D:\GoldenShark\Projects\OCR_1902\SharedContent\xaml\Styles.xaml(72,42): XamlCompiler error WMC0001: Unknown type 'ObjectAnimationUsingKeyFrames' in XML namespace 'http://schemas.Microsoft.com/winfx/2006/xaml/presentation'
D:\GoldenShark\Projects\OCR_1902\SharedContent\xaml\Styles.xaml(75,42): XamlCompiler error WMC0001: Unknown type 'ObjectAnimationUsingKeyFrames' in XML namespace 'http://schemas.Microsoft.com/winfx/2006/xaml/presentation'
D:\GoldenShark\Projects\OCR_1902\SharedContent\xaml\Styles.xaml(76,46): XamlCompiler error WMC0001: Unknown type 'DiscreteObjectKeyFrame' in XML namespace 'http://schemas.Microsoft.com/winfx/2006/xaml/presentation'
D:\GoldenShark\Projects\OCR_1902\SharedContent\xaml\Styles.xaml(76,81): XamlCompiler error WMC0001: Unknown type 'ThemeResource' in XML namespace 'http://schemas.Microsoft.com/winfx/2006/xaml/presentation'
D:\GoldenShark\Projects\OCR_1902\SharedContent\xaml\Styles.xaml(73,46): XamlCompiler error WMC0001: Unknown type 'DiscreteObjectKeyFrame' in XML namespace 'http://schemas.Microsoft.com/winfx/2006/xaml/presentation'
D:\GoldenShark\Projects\OCR_1902\SharedContent\xaml\Styles.xaml(73,81): XamlCompiler error WMC0001: Unknown type 'ThemeResource' in XML namespace 'http://schemas.Microsoft.com/winfx/2006/xaml/presentation'
D:\GoldenShark\Projects\OCR_1902\SharedContent\xaml\Styles.xaml(63,38): XamlCompiler error WMC0001: Unknown type 'Storyboard' in XML namespace 'http://schemas.Microsoft.com/winfx/2006/xaml/presentation'
D:\GoldenShark\Projects\OCR_1902\SharedContent\xaml\Styles.xaml(64,42): XamlCompiler error WMC0001: Unknown type 'ObjectAnimationUsingKeyFrames' in XML namespace 'http://schemas.Microsoft.com/winfx/2006/xaml/presentation'
D:\GoldenShark\Projects\OCR_1902\SharedContent\xaml\Styles.xaml(65,46): XamlCompiler error WMC0001: Unknown type 'DiscreteObjectKeyFrame' in XML namespace 'http://schemas.Microsoft.com/winfx/2006/xaml/presentation'
D:\GoldenShark\Projects\OCR_1902\SharedContent\xaml\Styles.xaml(65,81): XamlCompiler error WMC0001: Unknown type 'ThemeResource' in XML namespace 'http://schemas.Microsoft.com/winfx/2006/xaml/presentation'
D:\GoldenShark\Projects\OCR_1902\SharedContent\xaml\Styles.xaml(53,38): XamlCompiler error WMC0001: Unknown type 'Storyboard' in XML namespace 'http://schemas.Microsoft.com/winfx/2006/xaml/presentation'
D:\GoldenShark\Projects\OCR_1902\SharedContent\xaml\Styles.xaml(54,42): XamlCompiler error WMC0001: Unknown type 'ObjectAnimationUsingKeyFrames' in XML namespace 'http://schemas.Microsoft.com/winfx/2006/xaml/presentation'
D:\GoldenShark\Projects\OCR_1902\SharedContent\xaml\Styles.xaml(57,42): XamlCompiler error WMC0001: Unknown type 'ObjectAnimationUsingKeyFrames' in XML namespace 'http://schemas.Microsoft.com/winfx/2006/xaml/presentation'
D:\GoldenShark\Projects\OCR_1902\SharedContent\xaml\Styles.xaml(58,46): XamlCompiler error WMC0001: Unknown type 'DiscreteObjectKeyFrame' in XML namespace 'http://schemas.Microsoft.com/winfx/2006/xaml/presentation'
D:\GoldenShark\Projects\OCR_1902\SharedContent\xaml\Styles.xaml(58,81): XamlCompiler error WMC0001: Unknown type 'ThemeResource' in XML namespace 'http://schemas.Microsoft.com/winfx/2006/xaml/presentation'
D:\GoldenShark\Projects\OCR_1902\SharedContent\xaml\Styles.xaml(55,46): XamlCompiler error WMC0001: Unknown type 'DiscreteObjectKeyFrame' in XML namespace 'http://schemas.Microsoft.com/winfx/2006/xaml/presentation'
D:\GoldenShark\Projects\OCR_1902\SharedContent\xaml\Styles.xaml(55,81): XamlCompiler error WMC0001: Unknown type 'ThemeResource' in XML namespace 'http://schemas.Microsoft.com/winfx/2006/xaml/presentation'
D:\GoldenShark\Projects\OCR_1902\SharedContent\xaml\Styles.xaml(43,38): XamlCompiler error WMC0001: Unknown type 'Storyboard' in XML namespace 'http://schemas.Microsoft.com/winfx/2006/xaml/presentation'
D:\GoldenShark\Projects\OCR_1902\SharedContent\xaml\Styles.xaml(44,42): XamlCompiler error WMC0001: Unknown type 'ObjectAnimationUsingKeyFrames' in XML namespace 'http://schemas.Microsoft.com/winfx/2006/xaml/presentation'
D:\GoldenShark\Projects\OCR_1902\SharedContent\xaml\Styles.xaml(47,42): XamlCompiler error WMC0001: Unknown type 'ObjectAnimationUsingKeyFrames' in XML namespace 'http://schemas.Microsoft.com/winfx/2006/xaml/presentation'
D:\GoldenShark\Projects\OCR_1902\SharedContent\xaml\Styles.xaml(48,46): XamlCompiler error WMC0001: Unknown type 'DiscreteObjectKeyFrame' in XML namespace 'http://schemas.Microsoft.com/winfx/2006/xaml/presentation'
D:\GoldenShark\Projects\OCR_1902\SharedContent\xaml\Styles.xaml(48,81): XamlCompiler error WMC0001: Unknown type 'ThemeResource' in XML namespace 'http://schemas.Microsoft.com/winfx/2006/xaml/presentation'
D:\GoldenShark\Projects\OCR_1902\SharedContent\xaml\Styles.xaml(45,46): XamlCompiler error WMC0001: Unknown type 'DiscreteObjectKeyFrame' in XML namespace 'http://schemas.Microsoft.com/winfx/2006/xaml/presentation'
D:\GoldenShark\Projects\OCR_1902\SharedContent\xaml\Styles.xaml(45,81): XamlCompiler error WMC0001: Unknown type 'ThemeResource' in XML namespace 'http://schemas.Microsoft.com/winfx/2006/xaml/presentation'
D:\GoldenShark\Projects\OCR_1902\SharedContent\xaml\Styles.xaml(99,26): XamlCompiler error WMC0001: Unknown type 'ContentPresenter' in XML namespace 'http://schemas.Microsoft.com/winfx/2006/xaml/presentation'
D:\GoldenShark\Projects\OCR_1902\SharedContent\xaml\Styles.xaml(100,43): XamlCompiler error WMC0001: Unknown type 'TemplateBinding' in XML namespace 'http://schemas.Microsoft.com/winfx/2006/xaml/presentation'
D:\GoldenShark\Projects\OCR_1902\SharedContent\xaml\Styles.xaml(101,43): XamlCompiler error WMC0001: Unknown type 'TemplateBinding' in XML namespace 'http://schemas.Microsoft.com/winfx/2006/xaml/presentation'
D:\GoldenShark\Projects\OCR_1902\SharedContent\xaml\Styles.xaml(102,43): XamlCompiler error WMC0001: Unknown type 'TemplateBinding' in XML namespace 'http://schemas.Microsoft.com/winfx/2006/xaml/presentation'
D:\GoldenShark\Projects\OCR_1902\SharedContent\xaml\Styles.xaml(103,43): XamlCompiler error WMC0001: Unknown type 'TemplateBinding' in XML namespace 'http://schemas.Microsoft.com/winfx/2006/xaml/presentation'
D:\GoldenShark\Projects\OCR_1902\SharedContent\xaml\Styles.xaml(30,39): XamlCompiler error WMC0001: Unknown type 'ThemeResource' in XML namespace 'http://schemas.Microsoft.com/winfx/2006/xaml/presentation'
D:\GoldenShark\Projects\OCR_1902\SharedContent\xaml\Styles.xaml(20,39): XamlCompiler error WMC0001: Unknown type 'StaticResource' in XML namespace 'http://schemas.Microsoft.com/winfx/2006/xaml/presentation'
